Release 14.7 - xst P.20131013 (lin64)
Copyright (c) 1995-2013 Xilinx, Inc.  All rights reserved.
--> 
Parameter TMPDIR set to xst/projnav.tmp


Total REAL time to Xst completion: 0.00 secs
Total CPU time to Xst completion: 0.03 secs
 
--> 
Parameter xsthdpdir set to xst


Total REAL time to Xst completion: 0.00 secs
Total CPU time to Xst completion: 0.03 secs
 
--> 
Reading design: main.prj

TABLE OF CONTENTS
  1) Synthesis Options Summary
  2) HDL Compilation
  3) Design Hierarchy Analysis
  4) HDL Analysis
  5) HDL Synthesis
     5.1) HDL Synthesis Report
  6) Advanced HDL Synthesis
     6.1) Advanced HDL Synthesis Report
  7) Low Level Synthesis
  8) Partition Report
  9) Final Report
	9.1) Device utilization summary
	9.2) Partition Resource Summary
	9.3) TIMING REPORT


=========================================================================
*                      Synthesis Options Summary                        *
=========================================================================
---- Source Parameters
Input File Name                    : "main.prj"
Input Format                       : mixed
Ignore Synthesis Constraint File   : NO

---- Target Parameters
Output File Name                   : "main"
Output Format                      : NGC
Target Device                      : xc3s500e-5-fg320

---- Source Options
Top Module Name                    : main
Automatic FSM Extraction           : YES
FSM Encoding Algorithm             : Auto
Safe Implementation                : No
FSM Style                          : LUT
RAM Extraction                     : Yes
RAM Style                          : Auto
ROM Extraction                     : Yes
Mux Style                          : Auto
Decoder Extraction                 : YES
Priority Encoder Extraction        : Yes
Shift Register Extraction          : YES
Logical Shifter Extraction         : YES
XOR Collapsing                     : YES
ROM Style                          : Auto
Mux Extraction                     : Yes
Resource Sharing                   : YES
Asynchronous To Synchronous        : NO
Multiplier Style                   : Auto
Automatic Register Balancing       : No

---- Target Options
Add IO Buffers                     : YES
Global Maximum Fanout              : 100000
Add Generic Clock Buffer(BUFG)     : 24
Register Duplication               : YES
Slice Packing                      : YES
Optimize Instantiated Primitives   : NO
Use Clock Enable                   : Yes
Use Synchronous Set                : Yes
Use Synchronous Reset              : Yes
Pack IO Registers into IOBs        : Auto
Equivalent register Removal        : YES

---- General Options
Optimization Goal                  : Speed
Optimization Effort                : 1
Keep Hierarchy                     : No
Netlist Hierarchy                  : As_Optimized
RTL Output                         : Yes
Global Optimization                : AllClockNets
Read Cores                         : YES
Write Timing Constraints           : NO
Cross Clock Analysis               : NO
Hierarchy Separator                : /
Bus Delimiter                      : <>
Case Specifier                     : Maintain
Slice Utilization Ratio            : 100
BRAM Utilization Ratio             : 100
Verilog 2001                       : YES
Auto BRAM Packing                  : NO
Slice Utilization Ratio Delta      : 5

=========================================================================


=========================================================================
*                          HDL Compilation                              *
=========================================================================
Compiling verilog file "sw1_2.v" in library work
Compiling verilog file "SANGDAN_TATDAN.v" in library work
Module <sw1_2> compiled
Compiling verilog file "main.v" in library work
Module <SANGDAN_TATDAN> compiled
Module <main> compiled
No errors in compilation
Analysis of file <"main.prj"> succeeded.
 

=========================================================================
*                     Design Hierarchy Analysis                         *
=========================================================================
Analyzing hierarchy for module <main> in library <work>.

Analyzing hierarchy for module <sw1_2> in library <work>.

Analyzing hierarchy for module <SANGDAN_TATDAN> in library <work>.


=========================================================================
*                            HDL Analysis                               *
=========================================================================
Analyzing top module <main>.
Module <main> is correct for synthesis.
 
Analyzing module <sw1_2> in library <work>.
Module <sw1_2> is correct for synthesis.
 
Analyzing module <SANGDAN_TATDAN> in library <work>.
Module <SANGDAN_TATDAN> is correct for synthesis.
 

=========================================================================
*                           HDL Synthesis                               *
=========================================================================

Performing bidirectional port resolution...

Synthesizing Unit <sw1_2>.
    Related source file is "sw1_2.v".
    Found 1-bit register for signal <Clk_O>.
    Found 32-bit register for signal <COUNT>.
    Found 32-bit adder for signal <COUNT$add0000> created at line 48.
    Found 32-bit comparator greater for signal <old_COUNT_2$cmp_gt0000> created at line 41.
    Summary:
	inferred  33 D-type flip-flop(s).
	inferred   1 Adder/Subtractor(s).
	inferred   1 Comparator(s).
Unit <sw1_2> synthesized.


Synthesizing Unit <SANGDAN_TATDAN>.
    Related source file is "SANGDAN_TATDAN.v".
    Found 8-bit register for signal <Q>.
    Found 1-bit register for signal <SANG_TAT>.
    Summary:
	inferred   9 D-type flip-flop(s).
Unit <SANGDAN_TATDAN> synthesized.


Synthesizing Unit <main>.
    Related source file is "main.v".
Unit <main> synthesized.


=========================================================================
HDL Synthesis Report

Macro Statistics
# Adders/Subtractors                                   : 1
 32-bit adder                                          : 1
# Registers                                            : 4
 1-bit register                                        : 2
 32-bit register                                       : 1
 8-bit register                                        : 1
# Comparators                                          : 1
 32-bit comparator greater                             : 1

=========================================================================

=========================================================================
*                       Advanced HDL Synthesis                          *
=========================================================================


=========================================================================
Advanced HDL Synthesis Report

Macro Statistics
# Adders/Subtractors                                   : 1
 32-bit adder                                          : 1
# Registers                                            : 42
 Flip-Flops                                            : 42
# Comparators                                          : 1
 32-bit comparator greater                             : 1

=========================================================================

=========================================================================
*                         Low Level Synthesis                           *
=========================================================================

Optimizing unit <main> ...

Optimizing unit <sw1_2> ...

Optimizing unit <SANGDAN_TATDAN> ...

Mapping all equations...
Building and optimizing final netlist ...
Found area constraint ratio of 100 (+ 5) on block main, actual ratio is 0.

Final Macro Processing ...

=========================================================================
Final Register Report

Macro Statistics
# Registers                                            : 42
 Flip-Flops                                            : 42

=========================================================================

=========================================================================
*                           Partition Report                            *
=========================================================================

Partition Implementation Status
-------------------------------

  No Partitions were found in this design.

-------------------------------

=========================================================================
*                            Final Report                               *
=========================================================================
Final Results
RTL Top Level Output File Name     : main.ngr
Top Level Output File Name         : main
Output Format                      : NGC
Optimization Goal                  : Speed
Keep Hierarchy                     : No

Design Statistics
# IOs                              : 10

Cell Usage :
# BELS                             : 159
#      GND                         : 1
#      INV                         : 7
#      LUT1                        : 4
#      LUT2                        : 34
#      LUT3                        : 9
#      LUT4                        : 16
#      LUT4_D                      : 3
#      MUXCY                       : 52
#      VCC                         : 1
#      XORCY                       : 32
# FlipFlops/Latches                : 42
#      FDE                         : 1
#      FDR                         : 39
#      FDRS                        : 1
#      FDSE                        : 1
# Clock Buffers                    : 1
#      BUFGP                       : 1
# IO Buffers                       : 9
#      IBUF                        : 1
#      OBUF                        : 8
=========================================================================

Device utilization summary:
---------------------------

Selected Device : 3s500efg320-5 

 Number of Slices:                       37  out of   4656     0%  
 Number of Slice Flip Flops:             42  out of   9312     0%  
 Number of 4 input LUTs:                 73  out of   9312     0%  
 Number of IOs:                          10
 Number of bonded IOBs:                  10  out of    232     4%  
 Number of GCLKs:                         1  out of     24     4%  

---------------------------
Partition Resource Summary:
---------------------------

  No Partitions were found in this design.

---------------------------


=========================================================================
TIMING REPORT

NOTE: THESE TIMING NUMBERS ARE ONLY A SYNTHESIS ESTIMATE.
      FOR ACCURATE TIMING INFORMATION PLEASE REFER TO THE TRACE REPORT
      GENERATED AFTER PLACE-and-ROUTE.

Clock Information:
------------------
-----------------------------------+------------------------+-------+
Clock Signal                       | Clock buffer(FF name)  | Load  |
-----------------------------------+------------------------+-------+
CLK                                | BUFGP                  | 33    |
chiaxung/Clk_O                     | NONE(sd_td/Q_7)        | 9     |
-----------------------------------+------------------------+-------+
INFO:Xst:2169 - HDL ADVISOR - Some clock signals were not automatically buffered by XST with BUFG/BUFR resources. Please use the buffer_type constraint in order to insert these buffers to the clock signals to help prevent skew problems.

Asynchronous Control Signals Information:
----------------------------------------
No asynchronous control signals found in this design

Timing Summary:
---------------
Speed Grade: -5

   Minimum period: 7.821ns (Maximum Frequency: 127.861MHz)
   Minimum input arrival time before clock: 2.598ns
   Maximum output required time after clock: 4.221ns
   Maximum combinational path delay: No path found

Timing Detail:
--------------
All values displayed in nanoseconds (ns)

=========================================================================
Timing constraint: Default period analysis for Clock 'CLK'
  Clock period: 7.821ns (frequency: 127.861MHz)
  Total number of paths / destination ports: 19537 / 66
-------------------------------------------------------------------------
Delay:               7.821ns (Levels of Logic = 48)
  Source:            chiaxung/COUNT_0 (FF)
  Destination:       chiaxung/COUNT_31 (FF)
  Source Clock:      CLK rising
  Destination Clock: CLK rising

  Data Path: chiaxung/COUNT_0 to chiaxung/COUNT_31
                                Gate     Net
    Cell:in->out      fanout   Delay   Delay  Logical Name (Net Name)
    ----------------------------------------  ------------
     FDR:C->Q              3   0.514   0.603  chiaxung/COUNT_0 (chiaxung/COUNT_0)
     LUT4:I0->O            1   0.612   0.000  chiaxung/Mcompar_old_COUNT_2_cmp_gt0000_lut<0> (chiaxung/Mcompar_old_COUNT_2_cmp_gt0000_lut<0>)
     MUXCY:S->O            1   0.404   0.000  chiaxung/Mcompar_old_COUNT_2_cmp_gt0000_cy<0> (chiaxung/Mcompar_old_COUNT_2_cmp_gt0000_cy<0>)
     MUXCY:CI->O           1   0.051   0.000  chiaxung/Mcompar_old_COUNT_2_cmp_gt0000_cy<1> (chiaxung/Mcompar_old_COUNT_2_cmp_gt0000_cy<1>)
     MUXCY:CI->O           1   0.051   0.000  chiaxung/Mcompar_old_COUNT_2_cmp_gt0000_cy<2> (chiaxung/Mcompar_old_COUNT_2_cmp_gt0000_cy<2>)
     MUXCY:CI->O           1   0.051   0.000  chiaxung/Mcompar_old_COUNT_2_cmp_gt0000_cy<3> (chiaxung/Mcompar_old_COUNT_2_cmp_gt0000_cy<3>)
     MUXCY:CI->O           1   0.051   0.000  chiaxung/Mcompar_old_COUNT_2_cmp_gt0000_cy<4> (chiaxung/Mcompar_old_COUNT_2_cmp_gt0000_cy<4>)
     MUXCY:CI->O           1   0.051   0.000  chiaxung/Mcompar_old_COUNT_2_cmp_gt0000_cy<5> (chiaxung/Mcompar_old_COUNT_2_cmp_gt0000_cy<5>)
     MUXCY:CI->O           1   0.051   0.000  chiaxung/Mcompar_old_COUNT_2_cmp_gt0000_cy<6> (chiaxung/Mcompar_old_COUNT_2_cmp_gt0000_cy<6>)
     MUXCY:CI->O           1   0.051   0.000  chiaxung/Mcompar_old_COUNT_2_cmp_gt0000_cy<7> (chiaxung/Mcompar_old_COUNT_2_cmp_gt0000_cy<7>)
     MUXCY:CI->O           1   0.051   0.000  chiaxung/Mcompar_old_COUNT_2_cmp_gt0000_cy<8> (chiaxung/Mcompar_old_COUNT_2_cmp_gt0000_cy<8>)
     MUXCY:CI->O           1   0.051   0.000  chiaxung/Mcompar_old_COUNT_2_cmp_gt0000_cy<9> (chiaxung/Mcompar_old_COUNT_2_cmp_gt0000_cy<9>)
     MUXCY:CI->O           1   0.051   0.000  chiaxung/Mcompar_old_COUNT_2_cmp_gt0000_cy<10> (chiaxung/Mcompar_old_COUNT_2_cmp_gt0000_cy<10>)
     MUXCY:CI->O           1   0.051   0.000  chiaxung/Mcompar_old_COUNT_2_cmp_gt0000_cy<11> (chiaxung/Mcompar_old_COUNT_2_cmp_gt0000_cy<11>)
     MUXCY:CI->O           1   0.051   0.000  chiaxung/Mcompar_old_COUNT_2_cmp_gt0000_cy<12> (chiaxung/Mcompar_old_COUNT_2_cmp_gt0000_cy<12>)
     MUXCY:CI->O          33   0.399   1.142  chiaxung/Mcompar_old_COUNT_2_cmp_gt0000_cy<13> (chiaxung/Mcompar_old_COUNT_2_cmp_gt0000_cy<13>)
     LUT2:I1->O            1   0.612   0.000  chiaxung/Madd_COUNT_add0000_lut<0> (chiaxung/Madd_COUNT_add0000_lut<0>)
     MUXCY:S->O            1   0.404   0.000  chiaxung/Madd_COUNT_add0000_cy<0> (chiaxung/Madd_COUNT_add0000_cy<0>)
     MUXCY:CI->O           1   0.052   0.000  chiaxung/Madd_COUNT_add0000_cy<1> (chiaxung/Madd_COUNT_add0000_cy<1>)
     MUXCY:CI->O           1   0.052   0.000  chiaxung/Madd_COUNT_add0000_cy<2> (chiaxung/Madd_COUNT_add0000_cy<2>)
     MUXCY:CI->O           1   0.052   0.000  chiaxung/Madd_COUNT_add0000_cy<3> (chiaxung/Madd_COUNT_add0000_cy<3>)
     MUXCY:CI->O           1   0.052   0.000  chiaxung/Madd_COUNT_add0000_cy<4> (chiaxung/Madd_COUNT_add0000_cy<4>)
     MUXCY:CI->O           1   0.052   0.000  chiaxung/Madd_COUNT_add0000_cy<5> (chiaxung/Madd_COUNT_add0000_cy<5>)
     MUXCY:CI->O           1   0.052   0.000  chiaxung/Madd_COUNT_add0000_cy<6> (chiaxung/Madd_COUNT_add0000_cy<6>)
     MUXCY:CI->O           1   0.052   0.000  chiaxung/Madd_COUNT_add0000_cy<7> (chiaxung/Madd_COUNT_add0000_cy<7>)
     MUXCY:CI->O           1   0.052   0.000  chiaxung/Madd_COUNT_add0000_cy<8> (chiaxung/Madd_COUNT_add0000_cy<8>)
     MUXCY:CI->O           1   0.052   0.000  chiaxung/Madd_COUNT_add0000_cy<9> (chiaxung/Madd_COUNT_add0000_cy<9>)
     MUXCY:CI->O           1   0.052   0.000  chiaxung/Madd_COUNT_add0000_cy<10> (chiaxung/Madd_COUNT_add0000_cy<10>)
     MUXCY:CI->O           1   0.051   0.000  chiaxung/Madd_COUNT_add0000_cy<11> (chiaxung/Madd_COUNT_add0000_cy<11>)
     MUXCY:CI->O           1   0.051   0.000  chiaxung/Madd_COUNT_add0000_cy<12> (chiaxung/Madd_COUNT_add0000_cy<12>)
     MUXCY:CI->O           1   0.051   0.000  chiaxung/Madd_COUNT_add0000_cy<13> (chiaxung/Madd_COUNT_add0000_cy<13>)
     MUXCY:CI->O           1   0.051   0.000  chiaxung/Madd_COUNT_add0000_cy<14> (chiaxung/Madd_COUNT_add0000_cy<14>)
     MUXCY:CI->O           1   0.051   0.000  chiaxung/Madd_COUNT_add0000_cy<15> (chiaxung/Madd_COUNT_add0000_cy<15>)
     MUXCY:CI->O           1   0.051   0.000  chiaxung/Madd_COUNT_add0000_cy<16> (chiaxung/Madd_COUNT_add0000_cy<16>)
     MUXCY:CI->O           1   0.051   0.000  chiaxung/Madd_COUNT_add0000_cy<17> (chiaxung/Madd_COUNT_add0000_cy<17>)
     MUXCY:CI->O           1   0.051   0.000  chiaxung/Madd_COUNT_add0000_cy<18> (chiaxung/Madd_COUNT_add0000_cy<18>)
     MUXCY:CI->O           1   0.051   0.000  chiaxung/Madd_COUNT_add0000_cy<19> (chiaxung/Madd_COUNT_add0000_cy<19>)
     MUXCY:CI->O           1   0.051   0.000  chiaxung/Madd_COUNT_add0000_cy<20> (chiaxung/Madd_COUNT_add0000_cy<20>)
     MUXCY:CI->O           1   0.051   0.000  chiaxung/Madd_COUNT_add0000_cy<21> (chiaxung/Madd_COUNT_add0000_cy<21>)
     MUXCY:CI->O           1   0.051   0.000  chiaxung/Madd_COUNT_add0000_cy<22> (chiaxung/Madd_COUNT_add0000_cy<22>)
     MUXCY:CI->O           1   0.051   0.000  chiaxung/Madd_COUNT_add0000_cy<23> (chiaxung/Madd_COUNT_add0000_cy<23>)
     MUXCY:CI->O           1   0.051   0.000  chiaxung/Madd_COUNT_add0000_cy<24> (chiaxung/Madd_COUNT_add0000_cy<24>)
     MUXCY:CI->O           1   0.051   0.000  chiaxung/Madd_COUNT_add0000_cy<25> (chiaxung/Madd_COUNT_add0000_cy<25>)
     MUXCY:CI->O           1   0.051   0.000  chiaxung/Madd_COUNT_add0000_cy<26> (chiaxung/Madd_COUNT_add0000_cy<26>)
     MUXCY:CI->O           1   0.051   0.000  chiaxung/Madd_COUNT_add0000_cy<27> (chiaxung/Madd_COUNT_add0000_cy<27>)
     MUXCY:CI->O           1   0.051   0.000  chiaxung/Madd_COUNT_add0000_cy<28> (chiaxung/Madd_COUNT_add0000_cy<28>)
     MUXCY:CI->O           1   0.051   0.000  chiaxung/Madd_COUNT_add0000_cy<29> (chiaxung/Madd_COUNT_add0000_cy<29>)
     MUXCY:CI->O           0   0.051   0.000  chiaxung/Madd_COUNT_add0000_cy<30> (chiaxung/Madd_COUNT_add0000_cy<30>)
     XORCY:CI->O           1   0.699   0.000  chiaxung/Madd_COUNT_add0000_xor<31> (chiaxung/COUNT_add0000<31>)
     FDR:D                     0.268          chiaxung/COUNT_31
    ----------------------------------------
    Total                      7.821ns (6.075ns logic, 1.745ns route)
                                       (77.7% logic, 22.3% route)

=========================================================================
Timing constraint: Default period analysis for Clock 'chiaxung/Clk_O'
  Clock period: 5.464ns (frequency: 183.014MHz)
  Total number of paths / destination ports: 53 / 11
-------------------------------------------------------------------------
Delay:               5.464ns (Levels of Logic = 4)
  Source:            sd_td/Q_2 (FF)
  Destination:       sd_td/SANG_TAT (FF)
  Source Clock:      chiaxung/Clk_O rising
  Destination Clock: chiaxung/Clk_O rising

  Data Path: sd_td/Q_2 to sd_td/SANG_TAT
                                Gate     Net
    Cell:in->out      fanout   Delay   Delay  Logical Name (Net Name)
    ----------------------------------------  ------------
     FDR:C->Q              5   0.514   0.690  sd_td/Q_2 (sd_td/Q_2)
     LUT3:I0->O            1   0.612   0.360  sd_td/Q_mux0000<0>2_SW0 (N4)
     LUT4_D:I3->LO         1   0.612   0.252  sd_td/Q_mux0000<0>2 (N9)
     LUT2:I0->O            1   0.612   0.360  sd_td/SANG_TAT_not00011_SW0 (N2)
     LUT4:I3->O            1   0.612   0.357  sd_td/SANG_TAT_not00011 (sd_td/SANG_TAT_not0001)
     FDSE:CE                   0.483          sd_td/SANG_TAT
    ----------------------------------------
    Total                      5.464ns (3.445ns logic, 2.019ns route)
                                       (63.0% logic, 37.0% route)

=========================================================================
Timing constraint: Default OFFSET IN BEFORE for Clock 'chiaxung/Clk_O'
  Total number of paths / destination ports: 9 / 9
-------------------------------------------------------------------------
Offset:              2.598ns (Levels of Logic = 1)
  Source:            RST (PAD)
  Destination:       sd_td/Q_7 (FF)
  Destination Clock: chiaxung/Clk_O rising

  Data Path: RST to sd_td/Q_7
                                Gate     Net
    Cell:in->out      fanout   Delay   Delay  Logical Name (Net Name)
    ----------------------------------------  ------------
     IBUF:I->O             9   1.106   0.697  RST_IBUF (RST_IBUF)
     FDSE:S                    0.795          sd_td/SANG_TAT
    ----------------------------------------
    Total                      2.598ns (1.901ns logic, 0.697ns route)
                                       (73.2% logic, 26.8% route)

=========================================================================
Timing constraint: Default OFFSET OUT AFTER for Clock 'chiaxung/Clk_O'
  Total number of paths / destination ports: 8 / 8
-------------------------------------------------------------------------
Offset:              4.221ns (Levels of Logic = 1)
  Source:            sd_td/Q_6 (FF)
  Destination:       Q<6> (PAD)
  Source Clock:      chiaxung/Clk_O rising

  Data Path: sd_td/Q_6 to Q<6>
                                Gate     Net
    Cell:in->out      fanout   Delay   Delay  Logical Name (Net Name)
    ----------------------------------------  ------------
     FDR:C->Q              5   0.514   0.538  sd_td/Q_6 (sd_td/Q_6)
     OBUF:I->O                 3.169          Q_6_OBUF (Q<6>)
    ----------------------------------------
    Total                      4.221ns (3.683ns logic, 0.538ns route)
                                       (87.3% logic, 12.7% route)

=========================================================================


Total REAL time to Xst completion: 2.00 secs
Total CPU time to Xst completion: 2.12 secs
 
--> 


Total memory usage is 608068 kilobytes

Number of errors   :    0 (   0 filtered)
Number of warnings :    1 (   0 filtered)
Number of infos    :    1 (   0 filtered)

