Running: /opt/Xilinx/14.7/ISE_DS/ISE/bin/lin64/unwrapped/fuse -intstyle ise -incremental -lib unisims_ver -lib unimacro_ver -lib xilinxcorelib_ver -o /home/ise/FPGA/LED7DOAN/testbench_isim_beh.exe -prj /home/ise/FPGA/LED7DOAN/testbench_beh.prj work.testbench work.glbl 
ISim P.20131013 (signature 0xfbc00daa)
Number of CPUs detected in this system: 8
Turning on mult-threading, number of parallel sub-compilation jobs: 16 
Determining compilation order of HDL files
Analyzing Verilog file "/home/ise/FPGA/LED7DOAN/LED7seg.v" into library work
Analyzing Verilog file "/home/ise/FPGA/LED7DOAN/testbench.v" into library work
Analyzing Verilog file "/opt/Xilinx/14.7/ISE_DS/ISE//verilog/src/glbl.v" into library work
Starting static elaboration
Completed static elaboration
Fuse Memory Usage: 94916 KB
Fuse CPU Usage: 1090 ms
Compiling module LED7seg
Compiling module testbench
Compiling module glbl
Time Resolution for simulation is 1ps.
Waiting for 1 sub-compilation(s) to finish...
Compiled 3 Verilog Units
Built simulation executable /home/ise/FPGA/LED7DOAN/testbench_isim_beh.exe
Fuse Memory Usage: 1177324 KB
Fuse CPU Usage: 1120 ms
GCC CPU Usage: 110 ms
