Running: /opt/Xilinx/14.7/ISE_DS/ISE/bin/lin64/unwrapped/fuse -intstyle ise -incremental -lib unisims_ver -lib unimacro_ver -lib xilinxcorelib_ver -o /home/ise/FPGA/Mux4_1/Mux4_1_isim_beh.exe -prj /home/ise/FPGA/Mux4_1/Mux4_1_beh.prj work.Mux4_1 work.glbl 
ISim P.20131013 (signature 0xfbc00daa)
Number of CPUs detected in this system: 8
Turning on mult-threading, number of parallel sub-compilation jobs: 16 
Determining compilation order of HDL files
Analyzing Verilog file "/home/ise/FPGA/Mux4_1/module.v" into library work
Analyzing Verilog file "/opt/Xilinx/14.7/ISE_DS/ISE//verilog/src/glbl.v" into library work
Starting static elaboration
Completed static elaboration
Fuse Memory Usage: 94916 KB
Fuse CPU Usage: 1160 ms
Compiling module Mux4_1
Compiling module glbl
Time Resolution for simulation is 1ps.
Waiting for 1 sub-compilation(s) to finish...
Compiled 2 Verilog Units
Built simulation executable /home/ise/FPGA/Mux4_1/Mux4_1_isim_beh.exe
Fuse Memory Usage: 1177316 KB
Fuse CPU Usage: 1220 ms
GCC CPU Usage: 200 ms
