--------------------------------------------------------------------------------
Release 14.7 Trace  (lin64)
Copyright (c) 1995-2013 Xilinx, Inc.  All rights reserved.

/opt/Xilinx/14.7/ISE_DS/ISE/bin/lin64/unwrapped/trce -intstyle ise -v 3 -s 5 -n
3 -fastpaths -xml DEMUX1_8.twx DEMUX1_8.ncd -o DEMUX1_8.twr DEMUX1_8.pcf

Design file:              DEMUX1_8.ncd
Physical constraint file: DEMUX1_8.pcf
Device,package,speed:     xc3s500e,fg320,-5 (PRODUCTION 1.27 2013-10-13)
Report level:             verbose report

Environment Variable      Effect 
--------------------      ------ 
NONE                      No environment variables were set
--------------------------------------------------------------------------------

INFO:Timing:2698 - No timing constraints found, doing default enumeration.
INFO:Timing:3412 - To improve timing, see the Timing Closure User Guide (UG612).
INFO:Timing:2752 - To get complete path coverage, use the unconstrained paths 
   option. All paths that are not constrained will be reported in the 
   unconstrained paths section(s) of the report.
INFO:Timing:3339 - The clock-to-out numbers in this timing report are based on 
   a 50 Ohm transmission line loading model.  For the details of this model, 
   and for more information on accounting for different loading conditions, 
   please see the device datasheet.
INFO:Timing:3390 - This architecture does not support a default System Jitter 
   value, please add SYSTEM_JITTER constraint to the UCF to modify the Clock 
   Uncertainty calculation.
INFO:Timing:3389 - This architecture does not support 'Discrete Jitter' and 
   'Phase Error' calculations, these terms will be zero in the Clock 
   Uncertainty calculation.  Please make appropriate modification to 
   SYSTEM_JITTER to account for the unsupported Discrete Jitter and Phase 
   Error.



Data Sheet report:
-----------------
All values displayed in nanoseconds (ns)

Pad to Pad
---------------+---------------+---------+
Source Pad     |Destination Pad|  Delay  |
---------------+---------------+---------+
IN             |OUT<0>         |    9.197|
IN             |OUT<1>         |    9.459|
IN             |OUT<2>         |    9.010|
IN             |OUT<3>         |    9.270|
IN             |OUT<4>         |    9.138|
IN             |OUT<5>         |    9.206|
IN             |OUT<6>         |    8.585|
IN             |OUT<7>         |    8.703|
SL<0>          |OUT<0>         |    7.654|
SL<0>          |OUT<1>         |    7.972|
SL<0>          |OUT<2>         |    7.951|
SL<0>          |OUT<3>         |    8.188|
SL<0>          |OUT<4>         |    8.068|
SL<0>          |OUT<5>         |    8.113|
SL<0>          |OUT<6>         |    8.707|
SL<0>          |OUT<7>         |    8.802|
SL<1>          |OUT<0>         |    7.961|
SL<1>          |OUT<1>         |    8.256|
SL<1>          |OUT<2>         |    8.442|
SL<1>          |OUT<3>         |    8.652|
SL<1>          |OUT<4>         |    8.593|
SL<1>          |OUT<5>         |    8.611|
SL<1>          |OUT<6>         |    9.175|
SL<1>          |OUT<7>         |    9.243|
SL<2>          |OUT<0>         |    7.032|
SL<2>          |OUT<1>         |    7.300|
SL<2>          |OUT<2>         |    7.887|
SL<2>          |OUT<3>         |    8.091|
SL<2>          |OUT<4>         |    8.009|
SL<2>          |OUT<5>         |    8.021|
SL<2>          |OUT<6>         |    8.574|
SL<2>          |OUT<7>         |    8.636|
---------------+---------------+---------+


Analysis completed Mon Sep 23 05:54:51 2024 
--------------------------------------------------------------------------------

Trace Settings:
-------------------------
Trace Settings 

Peak Memory Usage: 347 MB



