Release 14.7 - xst P.20131013 (lin64)
Copyright (c) 1995-2013 Xilinx, Inc.  All rights reserved.
--> 
Parameter TMPDIR set to xst/projnav.tmp


Total REAL time to Xst completion: 0.00 secs
Total CPU time to Xst completion: 0.04 secs
 
--> 
Parameter xsthdpdir set to xst


Total REAL time to Xst completion: 0.00 secs
Total CPU time to Xst completion: 0.04 secs
 
--> 
Reading design: EXAM.prj

TABLE OF CONTENTS
  1) Synthesis Options Summary
  2) HDL Compilation
  3) Design Hierarchy Analysis
  4) HDL Analysis
  5) HDL Synthesis
     5.1) HDL Synthesis Report
  6) Advanced HDL Synthesis
     6.1) Advanced HDL Synthesis Report
  7) Low Level Synthesis
  8) Partition Report
  9) Final Report
	9.1) Device utilization summary
	9.2) Partition Resource Summary
	9.3) TIMING REPORT


=========================================================================
*                      Synthesis Options Summary                        *
=========================================================================
---- Source Parameters
Input File Name                    : "EXAM.prj"
Input Format                       : mixed
Ignore Synthesis Constraint File   : NO

---- Target Parameters
Output File Name                   : "EXAM"
Output Format                      : NGC
Target Device                      : xc3s500e-5-fg320

---- Source Options
Top Module Name                    : EXAM
Automatic FSM Extraction           : YES
FSM Encoding Algorithm             : Auto
Safe Implementation                : No
FSM Style                          : LUT
RAM Extraction                     : Yes
RAM Style                          : Auto
ROM Extraction                     : Yes
Mux Style                          : Auto
Decoder Extraction                 : YES
Priority Encoder Extraction        : Yes
Shift Register Extraction          : YES
Logical Shifter Extraction         : YES
XOR Collapsing                     : YES
ROM Style                          : Auto
Mux Extraction                     : Yes
Resource Sharing                   : YES
Asynchronous To Synchronous        : NO
Multiplier Style                   : Auto
Automatic Register Balancing       : No

---- Target Options
Add IO Buffers                     : YES
Global Maximum Fanout              : 100000
Add Generic Clock Buffer(BUFG)     : 24
Register Duplication               : YES
Slice Packing                      : YES
Optimize Instantiated Primitives   : NO
Use Clock Enable                   : Yes
Use Synchronous Set                : Yes
Use Synchronous Reset              : Yes
Pack IO Registers into IOBs        : Auto
Equivalent register Removal        : YES

---- General Options
Optimization Goal                  : Speed
Optimization Effort                : 1
Keep Hierarchy                     : No
Netlist Hierarchy                  : As_Optimized
RTL Output                         : Yes
Global Optimization                : AllClockNets
Read Cores                         : YES
Write Timing Constraints           : NO
Cross Clock Analysis               : NO
Hierarchy Separator                : /
Bus Delimiter                      : <>
Case Specifier                     : Maintain
Slice Utilization Ratio            : 100
BRAM Utilization Ratio             : 100
Verilog 2001                       : YES
Auto BRAM Packing                  : NO
Slice Utilization Ratio Delta      : 5

=========================================================================


=========================================================================
*                          HDL Compilation                              *
=========================================================================
Compiling verilog file "exam1.v" in library work
Module <EXAM> compiled
No errors in compilation
Analysis of file <"EXAM.prj"> succeeded.
 

=========================================================================
*                     Design Hierarchy Analysis                         *
=========================================================================
Analyzing hierarchy for module <EXAM> in library <work>.


=========================================================================
*                            HDL Analysis                               *
=========================================================================
Analyzing top module <EXAM>.
WARNING:Xst:905 - "exam1.v" line 32: One or more signals are missing in the sensitivity list of always block. To enable synthesis of FPGA/CPLD hardware, XST will assume that all necessary signals are present in the sensitivity list. Please note that the result of the synthesis may differ from the initial design specification. The missing signals are:
   <STATE>
Module <EXAM> is correct for synthesis.
 

=========================================================================
*                           HDL Synthesis                               *
=========================================================================

Performing bidirectional port resolution...

Synthesizing Unit <EXAM>.
    Related source file is "exam1.v".
WARNING:Xst:737 - Found 8-bit latch for signal <OUT>. Latches may be generated from incomplete case or if statements. We do not recommend the use of latches in FPGA/CPLD designs, as they may lead to timing problems.
WARNING:Xst:737 - Found 1-bit latch for signal <STATE>. Latches may be generated from incomplete case or if statements. We do not recommend the use of latches in FPGA/CPLD designs, as they may lead to timing problems.
    Found 1-of-8 decoder for signal <$mux0000> created at line 37.
    Summary:
	inferred   1 Decoder(s).
Unit <EXAM> synthesized.


=========================================================================
HDL Synthesis Report

Macro Statistics
# Latches                                              : 1
 8-bit latch                                           : 1
# Decoders                                             : 1
 1-of-8 decoder                                        : 1

=========================================================================

=========================================================================
*                       Advanced HDL Synthesis                          *
=========================================================================


=========================================================================
Advanced HDL Synthesis Report

Macro Statistics
# Latches                                              : 1
 8-bit latch                                           : 1
# Decoders                                             : 1
 1-of-8 decoder                                        : 1

=========================================================================

=========================================================================
*                         Low Level Synthesis                           *
=========================================================================

Optimizing unit <EXAM> ...

Mapping all equations...
Building and optimizing final netlist ...
Found area constraint ratio of 100 (+ 5) on block EXAM, actual ratio is 0.

Final Macro Processing ...

=========================================================================
Final Register Report

Found no macro
=========================================================================

=========================================================================
*                           Partition Report                            *
=========================================================================

Partition Implementation Status
-------------------------------

  No Partitions were found in this design.

-------------------------------

=========================================================================
*                            Final Report                               *
=========================================================================
Final Results
RTL Top Level Output File Name     : EXAM.ngr
Top Level Output File Name         : EXAM
Output Format                      : NGC
Optimization Goal                  : Speed
Keep Hierarchy                     : No

Design Statistics
# IOs                              : 14

Cell Usage :
# BELS                             : 24
#      LUT2                        : 4
#      LUT4                        : 20
# FlipFlops/Latches                : 8
#      LDCP                        : 8
# Clock Buffers                    : 1
#      BUFGP                       : 1
# IO Buffers                       : 13
#      IBUF                        : 5
#      OBUF                        : 8
=========================================================================

Device utilization summary:
---------------------------

Selected Device : 3s500efg320-5 

 Number of Slices:                       13  out of   4656     0%  
 Number of 4 input LUTs:                 24  out of   9312     0%  
 Number of IOs:                          14
 Number of bonded IOBs:                  14  out of    232     6%  
    IOB Flip Flops:                       8
 Number of GCLKs:                         1  out of     24     4%  

---------------------------
Partition Resource Summary:
---------------------------

  No Partitions were found in this design.

---------------------------


=========================================================================
TIMING REPORT

NOTE: THESE TIMING NUMBERS ARE ONLY A SYNTHESIS ESTIMATE.
      FOR ACCURATE TIMING INFORMATION PLEASE REFER TO THE TRACE REPORT
      GENERATED AFTER PLACE-and-ROUTE.

Clock Information:
------------------
-----------------------------------+------------------------+-------+
Clock Signal                       | Clock buffer(FF name)  | Load  |
-----------------------------------+------------------------+-------+
B                                  | BUFGP                  | 8     |
-----------------------------------+------------------------+-------+

Asynchronous Control Signals Information:
----------------------------------------
-----------------------------------+------------------------+-------+
Control Signal                     | Buffer(FF name)        | Load  |
-----------------------------------+------------------------+-------+
OUT_0__and0000(OUT_0__and00001:O)  | NONE(OUT_0)            | 1     |
OUT_0__or0000(OUT_0__or0000:O)     | NONE(OUT_0)            | 1     |
OUT_1__and0000(OUT_1__and00001:O)  | NONE(OUT_1)            | 1     |
OUT_1__or0000(OUT_1__or0000:O)     | NONE(OUT_1)            | 1     |
OUT_2__and0000(OUT_2__and00001:O)  | NONE(OUT_2)            | 1     |
OUT_2__or0000(OUT_2__or0000:O)     | NONE(OUT_2)            | 1     |
OUT_3__and0000(OUT_3__and00001:O)  | NONE(OUT_3)            | 1     |
OUT_3__or0000(OUT_3__or0000:O)     | NONE(OUT_3)            | 1     |
OUT_4__and0000(OUT_4__and00001:O)  | NONE(OUT_4)            | 1     |
OUT_4__or0000(OUT_4__or0000:O)     | NONE(OUT_4)            | 1     |
OUT_5__and0000(OUT_5__and00001:O)  | NONE(OUT_5)            | 1     |
OUT_5__or0000(OUT_5__or0000:O)     | NONE(OUT_5)            | 1     |
OUT_6__and0000(OUT_6__and00001:O)  | NONE(OUT_6)            | 1     |
OUT_6__or0000(OUT_6__or0000:O)     | NONE(OUT_6)            | 1     |
OUT_7__and0000(OUT_7__and00001:O)  | NONE(OUT_7)            | 1     |
OUT_7__or0000(OUT_7__or0000:O)     | NONE(OUT_7)            | 1     |
-----------------------------------+------------------------+-------+

Timing Summary:
---------------
Speed Grade: -5

   Minimum period: No path found
   Minimum input arrival time before clock: 3.075ns
   Maximum output required time after clock: 4.114ns
   Maximum combinational path delay: No path found

Timing Detail:
--------------
All values displayed in nanoseconds (ns)

=========================================================================
Timing constraint: Default OFFSET IN BEFORE for Clock 'B'
  Total number of paths / destination ports: 32 / 8
-------------------------------------------------------------------------
Offset:              3.075ns (Levels of Logic = 2)
  Source:            IN<2> (PAD)
  Destination:       OUT_0 (LATCH)
  Destination Clock: B falling

  Data Path: IN<2> to OUT_0
                                Gate     Net
    Cell:in->out      fanout   Delay   Delay  Logical Name (Net Name)
    ----------------------------------------  ------------
     IBUF:I->O            20   1.106   1.089  IN_2_IBUF (IN_2_IBUF)
     LUT4:I0->O            1   0.612   0.000  OUT_mux0000<7>1 (OUT_mux0000<7>)
     LDCP:D                    0.268          OUT_0
    ----------------------------------------
    Total                      3.075ns (1.986ns logic, 1.089ns route)
                                       (64.6% logic, 35.4% route)

=========================================================================
Timing constraint: Default OFFSET OUT AFTER for Clock 'B'
  Total number of paths / destination ports: 8 / 8
-------------------------------------------------------------------------
Offset:              4.114ns (Levels of Logic = 1)
  Source:            OUT_7 (LATCH)
  Destination:       OUT<7> (PAD)
  Source Clock:      B falling

  Data Path: OUT_7 to OUT<7>
                                Gate     Net
    Cell:in->out      fanout   Delay   Delay  Logical Name (Net Name)
    ----------------------------------------  ------------
     LDCP:G->Q             1   0.588   0.357  OUT_7 (OUT_7)
     OBUF:I->O                 3.169          OUT_7_OBUF (OUT<7>)
    ----------------------------------------
    Total                      4.114ns (3.757ns logic, 0.357ns route)
                                       (91.3% logic, 8.7% route)

=========================================================================


Total REAL time to Xst completion: 2.00 secs
Total CPU time to Xst completion: 1.95 secs
 
--> 


Total memory usage is 606960 kilobytes

Number of errors   :    0 (   0 filtered)
Number of warnings :    3 (   0 filtered)
Number of infos    :    0 (   0 filtered)

