Release 14.7 - xst P.20131013 (lin64)
Copyright (c) 1995-2013 Xilinx, Inc.  All rights reserved.
--> 
Parameter TMPDIR set to xst/projnav.tmp


Total REAL time to Xst completion: 0.00 secs
Total CPU time to Xst completion: 0.03 secs
 
--> 
Parameter xsthdpdir set to xst


Total REAL time to Xst completion: 0.00 secs
Total CPU time to Xst completion: 0.03 secs
 
--> 
Reading design: topmodule.prj

TABLE OF CONTENTS
  1) Synthesis Options Summary
  2) HDL Compilation
  3) Design Hierarchy Analysis
  4) HDL Analysis
  5) HDL Synthesis
     5.1) HDL Synthesis Report
  6) Advanced HDL Synthesis
     6.1) Advanced HDL Synthesis Report
  7) Low Level Synthesis
  8) Partition Report
  9) Final Report
	9.1) Device utilization summary
	9.2) Partition Resource Summary
	9.3) TIMING REPORT


=========================================================================
*                      Synthesis Options Summary                        *
=========================================================================
---- Source Parameters
Input File Name                    : "topmodule.prj"
Input Format                       : mixed
Ignore Synthesis Constraint File   : NO

---- Target Parameters
Output File Name                   : "topmodule"
Output Format                      : NGC
Target Device                      : xc3s500e-5-fg320

---- Source Options
Top Module Name                    : topmodule
Automatic FSM Extraction           : YES
FSM Encoding Algorithm             : Auto
Safe Implementation                : No
FSM Style                          : LUT
RAM Extraction                     : Yes
RAM Style                          : Auto
ROM Extraction                     : Yes
Mux Style                          : Auto
Decoder Extraction                 : YES
Priority Encoder Extraction        : Yes
Shift Register Extraction          : YES
Logical Shifter Extraction         : YES
XOR Collapsing                     : YES
ROM Style                          : Auto
Mux Extraction                     : Yes
Resource Sharing                   : YES
Asynchronous To Synchronous        : NO
Multiplier Style                   : Auto
Automatic Register Balancing       : No

---- Target Options
Add IO Buffers                     : YES
Global Maximum Fanout              : 500
Add Generic Clock Buffer(BUFG)     : 24
Register Duplication               : YES
Slice Packing                      : YES
Optimize Instantiated Primitives   : NO
Use Clock Enable                   : Yes
Use Synchronous Set                : Yes
Use Synchronous Reset              : Yes
Pack IO Registers into IOBs        : Auto
Equivalent register Removal        : YES

---- General Options
Optimization Goal                  : Speed
Optimization Effort                : 1
Keep Hierarchy                     : No
Netlist Hierarchy                  : As_Optimized
RTL Output                         : Yes
Global Optimization                : AllClockNets
Read Cores                         : YES
Write Timing Constraints           : NO
Cross Clock Analysis               : NO
Hierarchy Separator                : /
Bus Delimiter                      : <>
Case Specifier                     : Maintain
Slice Utilization Ratio            : 100
BRAM Utilization Ratio             : 100
Verilog 2001                       : YES
Auto BRAM Packing                  : NO
Slice Utilization Ratio Delta      : 5

=========================================================================


=========================================================================
*                          HDL Compilation                              *
=========================================================================
Compiling verilog file "hienthi22119166.v" in library work
Compiling verilog include file "sw1_2.v"
Compiling verilog include file "TM1638_config.v"
Module <sw1_2> compiled
Module <TM1638_config> compiled
Module <topmodule> compiled
No errors in compilation
Analysis of file <"topmodule.prj"> succeeded.
 

=========================================================================
*                     Design Hierarchy Analysis                         *
=========================================================================
Analyzing hierarchy for module <topmodule> in library <work>.

Analyzing hierarchy for module <sw1_2> in library <work>.

Analyzing hierarchy for module <TM1638_config> in library <work>.


=========================================================================
*                            HDL Analysis                               *
=========================================================================
Analyzing top module <topmodule>.
WARNING:Xst:863 - "hienthi22119166.v" line 41: Name conflict (<LED> and <led>, renaming LED as led_rnm0).
Module <topmodule> is correct for synthesis.
 
Analyzing module <sw1_2> in library <work>.
Module <sw1_2> is correct for synthesis.
 
Analyzing module <TM1638_config> in library <work>.
	Calling function <sseg>.
	Calling function <sseg>.
	Calling function <sseg>.
	Calling function <sseg>.
	Calling function <sseg>.
	Calling function <sseg>.
	Calling function <sseg>.
	Calling function <sseg>.
Module <TM1638_config> is correct for synthesis.
 

=========================================================================
*                           HDL Synthesis                               *
=========================================================================

Performing bidirectional port resolution...

Synthesizing Unit <sw1_2>.
    Related source file is "sw1_2.v".
    Found 1-bit register for signal <Clk_O>.
    Found 32-bit up counter for signal <COUNT>.
    Found 32-bit comparator greater for signal <old_COUNT_2$cmp_gt0000> created at line 41.
    Summary:
	inferred   1 Counter(s).
	inferred   1 D-type flip-flop(s).
	inferred   1 Comparator(s).
Unit <sw1_2> synthesized.


Synthesizing Unit <TM1638_config>.
    Related source file is "TM1638_config.v".
WARNING:Xst:1872 - Variable <i> is used but never assigned.
    Found 16x8-bit ROM for signal <sseg/5/sseg>.
    Found 1-bit register for signal <clk>.
    Found 1-bit register for signal <dio>.
    Found 1-bit register for signal <stb>.
    Found 8-bit register for signal <command1>.
    Found 33-bit comparator greater for signal <command1$cmp_gt0000> created at line 91.
    Found 33-bit comparator less for signal <command1$cmp_lt0000> created at line 91.
    Found 8-bit register for signal <command2>.
    Found 33-bit comparator greater for signal <command2$cmp_gt0000> created at line 102.
    Found 33-bit comparator less for signal <command2$cmp_lt0000> created at line 102.
    Found 8-bit register for signal <command3>.
    Found 33-bit comparator greater for signal <command3$cmp_gt0000> created at line 119.
    Found 33-bit comparator less for signal <command3$cmp_lt0000> created at line 119.
    Found 32-bit register for signal <cs>.
    Found 32-bit adder for signal <cs$add0000> created at line 130.
    Found 128-bit register for signal <leddatahold>.
    Found 33-bit comparator greater for signal <leddatahold$cmp_gt0000> created at line 108.
    Found 33-bit comparator less for signal <leddatahold$cmp_lt0000> created at line 108.
    Found 33-bit comparator greatequal for signal <old_cs_4$cmp_ge0000> created at line 91.
    Found 33-bit comparator greatequal for signal <old_cs_4$cmp_ge0001> created at line 102.
    Found 33-bit comparator greatequal for signal <old_cs_4$cmp_ge0002> created at line 108.
    Found 33-bit comparator greatequal for signal <old_cs_4$cmp_ge0003> created at line 119.
    Found 33-bit comparator lessequal for signal <old_cs_4$cmp_le0000> created at line 91.
    Found 33-bit comparator lessequal for signal <old_cs_4$cmp_le0001> created at line 102.
    Found 33-bit comparator lessequal for signal <old_cs_4$cmp_le0002> created at line 108.
    Found 33-bit comparator lessequal for signal <old_cs_4$cmp_le0003> created at line 119.
    Summary:
	inferred   1 ROM(s).
	inferred 187 D-type flip-flop(s).
	inferred   1 Adder/Subtractor(s).
	inferred  16 Comparator(s).
Unit <TM1638_config> synthesized.


Synthesizing Unit <topmodule>.
    Related source file is "hienthi22119166.v".
WARNING:Xst:1780 - Signal <led_rnm0> is never used or assigned. This unconnected signal will be trimmed during the optimization process.
WARNING:Xst:1780 - Signal <LED7SEG4_> is never used or assigned. This unconnected signal will be trimmed during the optimization process.
Unit <topmodule> synthesized.


=========================================================================
HDL Synthesis Report

Macro Statistics
# ROMs                                                 : 1
 16x8-bit ROM                                          : 1
# Adders/Subtractors                                   : 1
 32-bit adder                                          : 1
# Counters                                             : 1
 32-bit up counter                                     : 1
# Registers                                            : 9
 1-bit register                                        : 4
 128-bit register                                      : 1
 32-bit register                                       : 1
 8-bit register                                        : 3
# Comparators                                          : 16
 33-bit comparator greatequal                          : 4
 33-bit comparator greater                             : 4
 33-bit comparator less                                : 4
 33-bit comparator lessequal                           : 4

=========================================================================

=========================================================================
*                       Advanced HDL Synthesis                          *
=========================================================================

WARNING:Xst:1293 - FF/Latch <command1_7> has a constant value of 0 in block <tm1638>. This FF/Latch will be trimmed during the optimization process.
WARNING:Xst:1710 - FF/Latch <leddatahold_119> (without init value) has a constant value of 0 in block <tm1638>. This FF/Latch will be trimmed during the optimization process.
WARNING:Xst:1710 - FF/Latch <leddatahold_120> (without init value) has a constant value of 0 in block <tm1638>. This FF/Latch will be trimmed during the optimization process.
WARNING:Xst:1710 - FF/Latch <leddatahold_121> (without init value) has a constant value of 0 in block <tm1638>. This FF/Latch will be trimmed during the optimization process.
WARNING:Xst:1710 - FF/Latch <leddatahold_122> (without init value) has a constant value of 0 in block <tm1638>. This FF/Latch will be trimmed during the optimization process.
WARNING:Xst:1710 - FF/Latch <leddatahold_123> (without init value) has a constant value of 0 in block <tm1638>. This FF/Latch will be trimmed during the optimization process.
WARNING:Xst:1710 - FF/Latch <leddatahold_124> (without init value) has a constant value of 0 in block <tm1638>. This FF/Latch will be trimmed during the optimization process.
WARNING:Xst:1710 - FF/Latch <leddatahold_125> (without init value) has a constant value of 0 in block <tm1638>. This FF/Latch will be trimmed during the optimization process.
WARNING:Xst:1710 - FF/Latch <leddatahold_126> (without init value) has a constant value of 0 in block <tm1638>. This FF/Latch will be trimmed during the optimization process.
WARNING:Xst:1710 - FF/Latch <leddatahold_127> (without init value) has a constant value of 0 in block <tm1638>. This FF/Latch will be trimmed during the optimization process.
WARNING:Xst:2404 -  FFs/Latches <leddatahold<127:127>> (without init value) have a constant value of 0 in block <TM1638_config>.
WARNING:Xst:2404 -  FFs/Latches <leddatahold<126:126>> (without init value) have a constant value of 0 in block <TM1638_config>.
WARNING:Xst:2404 -  FFs/Latches <leddatahold<125:125>> (without init value) have a constant value of 0 in block <TM1638_config>.

=========================================================================
Advanced HDL Synthesis Report

Macro Statistics
# ROMs                                                 : 1
 16x8-bit ROM                                          : 1
# Adders/Subtractors                                   : 1
 32-bit adder                                          : 1
# Counters                                             : 1
 32-bit up counter                                     : 1
# Registers                                            : 185
 Flip-Flops                                            : 185
# Comparators                                          : 16
 33-bit comparator greatequal                          : 4
 33-bit comparator greater                             : 4
 33-bit comparator less                                : 4
 33-bit comparator lessequal                           : 4

=========================================================================

=========================================================================
*                         Low Level Synthesis                           *
=========================================================================
WARNING:Xst:1293 - FF/Latch <command1_7> has a constant value of 0 in block <TM1638_config>. This FF/Latch will be trimmed during the optimization process.
WARNING:Xst:1895 - Due to other FF/Latch trimming, FF/Latch <leddatahold_121> (without init value) has a constant value of 0 in block <TM1638_config>. This FF/Latch will be trimmed during the optimization process.
WARNING:Xst:1895 - Due to other FF/Latch trimming, FF/Latch <leddatahold_122> (without init value) has a constant value of 0 in block <TM1638_config>. This FF/Latch will be trimmed during the optimization process.
WARNING:Xst:1895 - Due to other FF/Latch trimming, FF/Latch <leddatahold_123> (without init value) has a constant value of 0 in block <TM1638_config>. This FF/Latch will be trimmed during the optimization process.
WARNING:Xst:1895 - Due to other FF/Latch trimming, FF/Latch <leddatahold_124> (without init value) has a constant value of 0 in block <TM1638_config>. This FF/Latch will be trimmed during the optimization process.
WARNING:Xst:1710 - FF/Latch <leddatahold_119> (without init value) has a constant value of 0 in block <TM1638_config>. This FF/Latch will be trimmed during the optimization process.
WARNING:Xst:1895 - Due to other FF/Latch trimming, FF/Latch <leddatahold_120> (without init value) has a constant value of 0 in block <TM1638_config>. This FF/Latch will be trimmed during the optimization process.

Optimizing unit <topmodule> ...

Optimizing unit <TM1638_config> ...

Mapping all equations...
Building and optimizing final netlist ...
Found area constraint ratio of 100 (+ 5) on block topmodule, actual ratio is 3.

Final Macro Processing ...

Processing Unit <topmodule> :
	Found 4-bit shift register for signal <tm1638/command3_0>.
INFO:Xst:741 - HDL ADVISOR - A 6-bit shift register was found for signal <tm1638/command2_0> and currently occupies 6 logic cells (3 slices). Removing the set/reset logic would take advantage of SRL16 (and derived) primitives and reduce this to 1 logic cells (1 slices). Evaluate if the set/reset can be removed for this simple shift register. The majority of simple pipeline structures do not need to be set/reset operationally.
INFO:Xst:741 - HDL ADVISOR - A 6-bit shift register was found for signal <tm1638/command1_0> and currently occupies 6 logic cells (3 slices). Removing the set/reset logic would take advantage of SRL16 (and derived) primitives and reduce this to 1 logic cells (1 slices). Evaluate if the set/reset can be removed for this simple shift register. The majority of simple pipeline structures do not need to be set/reset operationally.
Unit <topmodule> processed.

=========================================================================
Final Register Report

Macro Statistics
# Registers                                            : 206
 Flip-Flops                                            : 206
# Shift Registers                                      : 1
 4-bit shift register                                  : 1

=========================================================================

=========================================================================
*                           Partition Report                            *
=========================================================================

Partition Implementation Status
-------------------------------

  No Partitions were found in this design.

-------------------------------

=========================================================================
*                            Final Report                               *
=========================================================================
Final Results
RTL Top Level Output File Name     : topmodule.ngr
Top Level Output File Name         : topmodule
Output Format                      : NGC
Optimization Goal                  : Speed
Keep Hierarchy                     : No

Design Statistics
# IOs                              : 4

Cell Usage :
# BELS                             : 567
#      GND                         : 1
#      INV                         : 15
#      LUT1                        : 51
#      LUT2                        : 136
#      LUT2_D                      : 2
#      LUT2_L                      : 1
#      LUT3                        : 14
#      LUT4                        : 102
#      LUT4_D                      : 6
#      LUT4_L                      : 3
#      MUXCY                       : 171
#      VCC                         : 1
#      XORCY                       : 64
# FlipFlops/Latches                : 211
#      FD                          : 32
#      FDE                         : 123
#      FDR                         : 32
#      FDRE                        : 16
#      FDSE                        : 8
# Shift Registers                  : 1
#      SRL16E                      : 1
# Clock Buffers                    : 2
#      BUFG                        : 1
#      BUFGP                       : 1
# IO Buffers                       : 3
#      OBUF                        : 3
=========================================================================

Device utilization summary:
---------------------------

Selected Device : 3s500efg320-5 

 Number of Slices:                      185  out of   4656     3%  
 Number of Slice Flip Flops:            211  out of   9312     2%  
 Number of 4 input LUTs:                331  out of   9312     3%  
    Number used as logic:               330
    Number used as Shift registers:       1
 Number of IOs:                           4
 Number of bonded IOBs:                   4  out of    232     1%  
 Number of GCLKs:                         2  out of     24     8%  

---------------------------
Partition Resource Summary:
---------------------------

  No Partitions were found in this design.

---------------------------


=========================================================================
TIMING REPORT

NOTE: THESE TIMING NUMBERS ARE ONLY A SYNTHESIS ESTIMATE.
      FOR ACCURATE TIMING INFORMATION PLEASE REFER TO THE TRACE REPORT
      GENERATED AFTER PLACE-and-ROUTE.

Clock Information:
------------------
-----------------------------------+------------------------+-------+
Clock Signal                       | Clock buffer(FF name)  | Load  |
-----------------------------------+------------------------+-------+
_50MHz_CLK                         | BUFGP                  | 33    |
chiaxung/Clk_O1                    | BUFG                   | 179   |
-----------------------------------+------------------------+-------+

Asynchronous Control Signals Information:
----------------------------------------
No asynchronous control signals found in this design

Timing Summary:
---------------
Speed Grade: -5

   Minimum period: 9.735ns (Maximum Frequency: 102.722MHz)
   Minimum input arrival time before clock: No path found
   Maximum output required time after clock: 4.252ns
   Maximum combinational path delay: No path found

Timing Detail:
--------------
All values displayed in nanoseconds (ns)

=========================================================================
Timing constraint: Default period analysis for Clock '_50MHz_CLK'
  Clock period: 4.528ns (frequency: 220.868MHz)
  Total number of paths / destination ports: 1585 / 66
-------------------------------------------------------------------------
Delay:               4.528ns (Levels of Logic = 9)
  Source:            chiaxung/COUNT_8 (FF)
  Destination:       chiaxung/COUNT_0 (FF)
  Source Clock:      _50MHz_CLK rising
  Destination Clock: _50MHz_CLK rising

  Data Path: chiaxung/COUNT_8 to chiaxung/COUNT_0
                                Gate     Net
    Cell:in->out      fanout   Delay   Delay  Logical Name (Net Name)
    ----------------------------------------  ------------
     FDR:C->Q              2   0.514   0.532  chiaxung/COUNT_8 (chiaxung/COUNT_8)
     LUT4:I0->O            1   0.612   0.000  chiaxung/Clk_O_cmp_eq0000_wg_lut<0> (chiaxung/Clk_O_cmp_eq0000_wg_lut<0>)
     MUXCY:S->O            1   0.404   0.000  chiaxung/Clk_O_cmp_eq0000_wg_cy<0> (chiaxung/Clk_O_cmp_eq0000_wg_cy<0>)
     MUXCY:CI->O           1   0.052   0.000  chiaxung/Clk_O_cmp_eq0000_wg_cy<1> (chiaxung/Clk_O_cmp_eq0000_wg_cy<1>)
     MUXCY:CI->O           1   0.052   0.000  chiaxung/Clk_O_cmp_eq0000_wg_cy<2> (chiaxung/Clk_O_cmp_eq0000_wg_cy<2>)
     MUXCY:CI->O           1   0.052   0.000  chiaxung/Clk_O_cmp_eq0000_wg_cy<3> (chiaxung/Clk_O_cmp_eq0000_wg_cy<3>)
     MUXCY:CI->O           1   0.052   0.000  chiaxung/Clk_O_cmp_eq0000_wg_cy<4> (chiaxung/Clk_O_cmp_eq0000_wg_cy<4>)
     MUXCY:CI->O           1   0.052   0.000  chiaxung/Clk_O_cmp_eq0000_wg_cy<5> (chiaxung/Clk_O_cmp_eq0000_wg_cy<5>)
     MUXCY:CI->O           1   0.052   0.000  chiaxung/Clk_O_cmp_eq0000_wg_cy<6> (chiaxung/Clk_O_cmp_eq0000_wg_cy<6>)
     MUXCY:CI->O          33   0.289   1.073  chiaxung/Clk_O_cmp_eq0000_wg_cy<7> (chiaxung/Clk_O_cmp_eq0000)
     FDR:R                     0.795          chiaxung/COUNT_0
    ----------------------------------------
    Total                      4.528ns (2.923ns logic, 1.605ns route)
                                       (64.5% logic, 35.5% route)

=========================================================================
Timing constraint: Default period analysis for Clock 'chiaxung/Clk_O1'
  Clock period: 9.735ns (frequency: 102.722MHz)
  Total number of paths / destination ports: 159422 / 346
-------------------------------------------------------------------------
Delay:               9.735ns (Levels of Logic = 40)
  Source:            tm1638/cs_25 (FF)
  Destination:       tm1638/cs_31 (FF)
  Source Clock:      chiaxung/Clk_O1 rising
  Destination Clock: chiaxung/Clk_O1 rising

  Data Path: tm1638/cs_25 to tm1638/cs_31
                                Gate     Net
    Cell:in->out      fanout   Delay   Delay  Logical Name (Net Name)
    ----------------------------------------  ------------
     FD:C->Q              10   0.514   0.902  tm1638/cs_25 (tm1638/cs_25)
     LUT2:I0->O            1   0.612   0.000  tm1638/old_cs_4_cmp_eq00001_wg_lut<0> (tm1638/old_cs_4_cmp_eq00001_wg_lut<0>)
     MUXCY:S->O            1   0.404   0.000  tm1638/old_cs_4_cmp_eq00001_wg_cy<0> (tm1638/old_cs_4_cmp_eq00001_wg_cy<0>)
     MUXCY:CI->O           1   0.051   0.000  tm1638/old_cs_4_cmp_eq00001_wg_cy<1> (tm1638/old_cs_4_cmp_eq00001_wg_cy<1>)
     MUXCY:CI->O           1   0.051   0.000  tm1638/old_cs_4_cmp_eq00001_wg_cy<2> (tm1638/old_cs_4_cmp_eq00001_wg_cy<2>)
     MUXCY:CI->O           1   0.051   0.000  tm1638/old_cs_4_cmp_eq00001_wg_cy<3> (tm1638/old_cs_4_cmp_eq00001_wg_cy<3>)
     MUXCY:CI->O           1   0.051   0.000  tm1638/old_cs_4_cmp_eq00001_wg_cy<4> (tm1638/old_cs_4_cmp_eq00001_wg_cy<4>)
     MUXCY:CI->O           1   0.051   0.000  tm1638/old_cs_4_cmp_eq00001_wg_cy<5> (tm1638/old_cs_4_cmp_eq00001_wg_cy<5>)
     MUXCY:CI->O           5   0.399   0.541  tm1638/old_cs_4_cmp_eq00001_wg_cy<6> (tm1638/old_cs_4_cmp_eq00001_wg_cy<6>)
     LUT4_D:I3->O         20   0.612   0.967  tm1638/old_cs_4_cmp_eq00001 (tm1638/old_cs_4_cmp_eq0000)
     LUT4:I2->O            5   0.612   0.541  tm1638/_old_cs_4<10>1139_SW1 (N48)
     LUT4:I3->O            1   0.612   0.000  tm1638/_old_cs_4<3>1 (tm1638/_old_cs_4<3>)
     MUXCY:S->O            1   0.404   0.000  tm1638/Madd_cs_add0000_cy<3> (tm1638/Madd_cs_add0000_cy<3>)
     MUXCY:CI->O           1   0.052   0.000  tm1638/Madd_cs_add0000_cy<4> (tm1638/Madd_cs_add0000_cy<4>)
     MUXCY:CI->O           1   0.052   0.000  tm1638/Madd_cs_add0000_cy<5> (tm1638/Madd_cs_add0000_cy<5>)
     MUXCY:CI->O           1   0.052   0.000  tm1638/Madd_cs_add0000_cy<6> (tm1638/Madd_cs_add0000_cy<6>)
     MUXCY:CI->O           1   0.052   0.000  tm1638/Madd_cs_add0000_cy<7> (tm1638/Madd_cs_add0000_cy<7>)
     MUXCY:CI->O           1   0.052   0.000  tm1638/Madd_cs_add0000_cy<8> (tm1638/Madd_cs_add0000_cy<8>)
     MUXCY:CI->O           1   0.052   0.000  tm1638/Madd_cs_add0000_cy<9> (tm1638/Madd_cs_add0000_cy<9>)
     MUXCY:CI->O           1   0.052   0.000  tm1638/Madd_cs_add0000_cy<10> (tm1638/Madd_cs_add0000_cy<10>)
     MUXCY:CI->O           1   0.051   0.000  tm1638/Madd_cs_add0000_cy<11> (tm1638/Madd_cs_add0000_cy<11>)
     MUXCY:CI->O           1   0.051   0.000  tm1638/Madd_cs_add0000_cy<12> (tm1638/Madd_cs_add0000_cy<12>)
     MUXCY:CI->O           1   0.051   0.000  tm1638/Madd_cs_add0000_cy<13> (tm1638/Madd_cs_add0000_cy<13>)
     MUXCY:CI->O           1   0.051   0.000  tm1638/Madd_cs_add0000_cy<14> (tm1638/Madd_cs_add0000_cy<14>)
     MUXCY:CI->O           1   0.051   0.000  tm1638/Madd_cs_add0000_cy<15> (tm1638/Madd_cs_add0000_cy<15>)
     MUXCY:CI->O           1   0.051   0.000  tm1638/Madd_cs_add0000_cy<16> (tm1638/Madd_cs_add0000_cy<16>)
     MUXCY:CI->O           1   0.051   0.000  tm1638/Madd_cs_add0000_cy<17> (tm1638/Madd_cs_add0000_cy<17>)
     MUXCY:CI->O           1   0.051   0.000  tm1638/Madd_cs_add0000_cy<18> (tm1638/Madd_cs_add0000_cy<18>)
     MUXCY:CI->O           1   0.051   0.000  tm1638/Madd_cs_add0000_cy<19> (tm1638/Madd_cs_add0000_cy<19>)
     MUXCY:CI->O           1   0.051   0.000  tm1638/Madd_cs_add0000_cy<20> (tm1638/Madd_cs_add0000_cy<20>)
     MUXCY:CI->O           1   0.051   0.000  tm1638/Madd_cs_add0000_cy<21> (tm1638/Madd_cs_add0000_cy<21>)
     MUXCY:CI->O           1   0.051   0.000  tm1638/Madd_cs_add0000_cy<22> (tm1638/Madd_cs_add0000_cy<22>)
     MUXCY:CI->O           1   0.051   0.000  tm1638/Madd_cs_add0000_cy<23> (tm1638/Madd_cs_add0000_cy<23>)
     MUXCY:CI->O           1   0.051   0.000  tm1638/Madd_cs_add0000_cy<24> (tm1638/Madd_cs_add0000_cy<24>)
     MUXCY:CI->O           1   0.051   0.000  tm1638/Madd_cs_add0000_cy<25> (tm1638/Madd_cs_add0000_cy<25>)
     MUXCY:CI->O           1   0.051   0.000  tm1638/Madd_cs_add0000_cy<26> (tm1638/Madd_cs_add0000_cy<26>)
     MUXCY:CI->O           1   0.051   0.000  tm1638/Madd_cs_add0000_cy<27> (tm1638/Madd_cs_add0000_cy<27>)
     MUXCY:CI->O           1   0.051   0.000  tm1638/Madd_cs_add0000_cy<28> (tm1638/Madd_cs_add0000_cy<28>)
     MUXCY:CI->O           1   0.051   0.000  tm1638/Madd_cs_add0000_cy<29> (tm1638/Madd_cs_add0000_cy<29>)
     MUXCY:CI->O           0   0.051   0.000  tm1638/Madd_cs_add0000_cy<30> (tm1638/Madd_cs_add0000_cy<30>)
     XORCY:CI->O           1   0.699   0.000  tm1638/Madd_cs_add0000_xor<31> (tm1638/cs_add0000<31>)
     FD:D                      0.268          tm1638/cs_31
    ----------------------------------------
    Total                      9.735ns (6.785ns logic, 2.951ns route)
                                       (69.7% logic, 30.3% route)

=========================================================================
Timing constraint: Default OFFSET OUT AFTER for Clock 'chiaxung/Clk_O1'
  Total number of paths / destination ports: 3 / 3
-------------------------------------------------------------------------
Offset:              4.252ns (Levels of Logic = 1)
  Source:            tm1638/clk (FF)
  Destination:       clk (PAD)
  Source Clock:      chiaxung/Clk_O1 rising

  Data Path: tm1638/clk to clk
                                Gate     Net
    Cell:in->out      fanout   Delay   Delay  Logical Name (Net Name)
    ----------------------------------------  ------------
     FDE:C->Q              6   0.514   0.569  tm1638/clk (tm1638/clk)
     OBUF:I->O                 3.169          clk_OBUF (clk)
    ----------------------------------------
    Total                      4.252ns (3.683ns logic, 0.569ns route)
                                       (86.6% logic, 13.4% route)

=========================================================================


Total REAL time to Xst completion: 3.00 secs
Total CPU time to Xst completion: 3.15 secs
 
--> 


Total memory usage is 615428 kilobytes

Number of errors   :    0 (   0 filtered)
Number of warnings :   27 (   0 filtered)
Number of infos    :    2 (   0 filtered)

