Release 14.7 - xst P.20131013 (lin64)
Copyright (c) 1995-2013 Xilinx, Inc.  All rights reserved.
--> 
Parameter TMPDIR set to xst/projnav.tmp


Total REAL time to Xst completion: 0.00 secs
Total CPU time to Xst completion: 0.02 secs
 
--> 
Parameter xsthdpdir set to xst


Total REAL time to Xst completion: 0.00 secs
Total CPU time to Xst completion: 0.02 secs
 
--> 
Reading design: DEMLEN_XUONG_AUTO.prj

TABLE OF CONTENTS
  1) Synthesis Options Summary
  2) HDL Compilation
  3) Design Hierarchy Analysis
  4) HDL Analysis
  5) HDL Synthesis
     5.1) HDL Synthesis Report
  6) Advanced HDL Synthesis
     6.1) Advanced HDL Synthesis Report
  7) Low Level Synthesis
  8) Partition Report
  9) Final Report
	9.1) Device utilization summary
	9.2) Partition Resource Summary
	9.3) TIMING REPORT


=========================================================================
*                      Synthesis Options Summary                        *
=========================================================================
---- Source Parameters
Input File Name                    : "DEMLEN_XUONG_AUTO.prj"
Input Format                       : mixed
Ignore Synthesis Constraint File   : NO

---- Target Parameters
Output File Name                   : "DEMLEN_XUONG_AUTO"
Output Format                      : NGC
Target Device                      : xc3s500e-5-fg320

---- Source Options
Top Module Name                    : DEMLEN_XUONG_AUTO
Automatic FSM Extraction           : YES
FSM Encoding Algorithm             : Auto
Safe Implementation                : No
FSM Style                          : LUT
RAM Extraction                     : Yes
RAM Style                          : Auto
ROM Extraction                     : Yes
Mux Style                          : Auto
Decoder Extraction                 : YES
Priority Encoder Extraction        : Yes
Shift Register Extraction          : YES
Logical Shifter Extraction         : YES
XOR Collapsing                     : YES
ROM Style                          : Auto
Mux Extraction                     : Yes
Resource Sharing                   : YES
Asynchronous To Synchronous        : NO
Multiplier Style                   : Auto
Automatic Register Balancing       : No

---- Target Options
Add IO Buffers                     : YES
Global Maximum Fanout              : 100000
Add Generic Clock Buffer(BUFG)     : 24
Register Duplication               : YES
Slice Packing                      : YES
Optimize Instantiated Primitives   : NO
Use Clock Enable                   : Yes
Use Synchronous Set                : Yes
Use Synchronous Reset              : Yes
Pack IO Registers into IOBs        : Auto
Equivalent register Removal        : YES

---- General Options
Optimization Goal                  : Speed
Optimization Effort                : 1
Keep Hierarchy                     : No
Netlist Hierarchy                  : As_Optimized
RTL Output                         : Yes
Global Optimization                : AllClockNets
Read Cores                         : YES
Write Timing Constraints           : NO
Cross Clock Analysis               : NO
Hierarchy Separator                : /
Bus Delimiter                      : <>
Case Specifier                     : Maintain
Slice Utilization Ratio            : 100
BRAM Utilization Ratio             : 100
Verilog 2001                       : YES
Auto BRAM Packing                  : NO
Slice Utilization Ratio Delta      : 5

=========================================================================


=========================================================================
*                          HDL Compilation                              *
=========================================================================
Compiling verilog file "DEMXUONG4BIT.v" in library work
Compiling verilog include file "sw1_2.v"
Compiling verilog include file "UPDOWNCOUNTER.v"
Module <sw1_2> compiled
Module <UPDOWNCOUNTER> compiled
Module <DEMLEN_XUONG_AUTO> compiled
No errors in compilation
Analysis of file <"DEMLEN_XUONG_AUTO.prj"> succeeded.
 

=========================================================================
*                     Design Hierarchy Analysis                         *
=========================================================================
Analyzing hierarchy for module <DEMLEN_XUONG_AUTO> in library <work>.

Analyzing hierarchy for module <sw1_2> in library <work>.

Analyzing hierarchy for module <UPDOWNCOUNTER> in library <work>.


=========================================================================
*                            HDL Analysis                               *
=========================================================================
Analyzing top module <DEMLEN_XUONG_AUTO>.
Module <DEMLEN_XUONG_AUTO> is correct for synthesis.
 
Analyzing module <sw1_2> in library <work>.
Module <sw1_2> is correct for synthesis.
 
Analyzing module <UPDOWNCOUNTER> in library <work>.
Module <UPDOWNCOUNTER> is correct for synthesis.
 

=========================================================================
*                           HDL Synthesis                               *
=========================================================================

Performing bidirectional port resolution...

Synthesizing Unit <sw1_2>.
    Related source file is "sw1_2.v".
    Found 1-bit register for signal <Clk_O>.
    Found 32-bit up counter for signal <COUNT>.
    Found 32-bit comparator greater for signal <old_COUNT_2$cmp_gt0000> created at line 41.
    Summary:
	inferred   1 Counter(s).
	inferred   1 D-type flip-flop(s).
	inferred   1 Comparator(s).
Unit <sw1_2> synthesized.


Synthesizing Unit <UPDOWNCOUNTER>.
    Related source file is "UPDOWNCOUNTER.v".
    Found 4-bit updown counter for signal <OUT>.
    Found 1-bit register for signal <UP_DOWN>.
    Summary:
	inferred   1 Counter(s).
	inferred   1 D-type flip-flop(s).
Unit <UPDOWNCOUNTER> synthesized.


Synthesizing Unit <DEMLEN_XUONG_AUTO>.
    Related source file is "DEMXUONG4BIT.v".
Unit <DEMLEN_XUONG_AUTO> synthesized.


=========================================================================
HDL Synthesis Report

Macro Statistics
# Counters                                             : 2
 32-bit up counter                                     : 1
 4-bit updown counter                                  : 1
# Registers                                            : 2
 1-bit register                                        : 2

=========================================================================

=========================================================================
*                       Advanced HDL Synthesis                          *
=========================================================================


=========================================================================
Advanced HDL Synthesis Report

Macro Statistics
# Counters                                             : 2
 32-bit up counter                                     : 1
 4-bit updown counter                                  : 1
# Registers                                            : 2
 Flip-Flops                                            : 2

=========================================================================

=========================================================================
*                         Low Level Synthesis                           *
=========================================================================

Optimizing unit <DEMLEN_XUONG_AUTO> ...

Optimizing unit <UPDOWNCOUNTER> ...

Mapping all equations...
Building and optimizing final netlist ...
Found area constraint ratio of 100 (+ 5) on block DEMLEN_XUONG_AUTO, actual ratio is 0.

Final Macro Processing ...

=========================================================================
Final Register Report

Macro Statistics
# Registers                                            : 38
 Flip-Flops                                            : 38

=========================================================================

=========================================================================
*                           Partition Report                            *
=========================================================================

Partition Implementation Status
-------------------------------

  No Partitions were found in this design.

-------------------------------

=========================================================================
*                            Final Report                               *
=========================================================================
Final Results
RTL Top Level Output File Name     : DEMLEN_XUONG_AUTO.ngr
Top Level Output File Name         : DEMLEN_XUONG_AUTO
Output Format                      : NGC
Optimization Goal                  : Speed
Keep Hierarchy                     : No

Design Statistics
# IOs                              : 6

Cell Usage :
# BELS                             : 125
#      GND                         : 1
#      INV                         : 6
#      LUT1                        : 31
#      LUT2                        : 1
#      LUT3                        : 1
#      LUT4                        : 11
#      LUT4_L                      : 1
#      MUXCY                       : 39
#      MUXF5                       : 1
#      VCC                         : 1
#      XORCY                       : 32
# FlipFlops/Latches                : 38
#      FDE                         : 1
#      FDR                         : 32
#      FDRE                        : 5
# Clock Buffers                    : 1
#      BUFGP                       : 1
# IO Buffers                       : 5
#      IBUF                        : 1
#      OBUF                        : 4
=========================================================================

Device utilization summary:
---------------------------

Selected Device : 3s500efg320-5 

 Number of Slices:                       25  out of   4656     0%  
 Number of Slice Flip Flops:             38  out of   9312     0%  
 Number of 4 input LUTs:                 51  out of   9312     0%  
 Number of IOs:                           6
 Number of bonded IOBs:                   6  out of    232     2%  
 Number of GCLKs:                         1  out of     24     4%  

---------------------------
Partition Resource Summary:
---------------------------

  No Partitions were found in this design.

---------------------------


=========================================================================
TIMING REPORT

NOTE: THESE TIMING NUMBERS ARE ONLY A SYNTHESIS ESTIMATE.
      FOR ACCURATE TIMING INFORMATION PLEASE REFER TO THE TRACE REPORT
      GENERATED AFTER PLACE-and-ROUTE.

Clock Information:
------------------
-----------------------------------+------------------------+-------+
Clock Signal                       | Clock buffer(FF name)  | Load  |
-----------------------------------+------------------------+-------+
Clk                                | BUFGP                  | 33    |
P_DIV/Clk_O                        | NONE(U_D_C4B/OUT_3)    | 5     |
-----------------------------------+------------------------+-------+
INFO:Xst:2169 - HDL ADVISOR - Some clock signals were not automatically buffered by XST with BUFG/BUFR resources. Please use the buffer_type constraint in order to insert these buffers to the clock signals to help prevent skew problems.

Asynchronous Control Signals Information:
----------------------------------------
No asynchronous control signals found in this design

Timing Summary:
---------------
Speed Grade: -5

   Minimum period: 4.528ns (Maximum Frequency: 220.868MHz)
   Minimum input arrival time before clock: 3.408ns
   Maximum output required time after clock: 4.285ns
   Maximum combinational path delay: No path found

Timing Detail:
--------------
All values displayed in nanoseconds (ns)

=========================================================================
Timing constraint: Default period analysis for Clock 'Clk'
  Clock period: 4.528ns (frequency: 220.868MHz)
  Total number of paths / destination ports: 1585 / 66
-------------------------------------------------------------------------
Delay:               4.528ns (Levels of Logic = 9)
  Source:            P_DIV/COUNT_8 (FF)
  Destination:       P_DIV/COUNT_0 (FF)
  Source Clock:      Clk rising
  Destination Clock: Clk rising

  Data Path: P_DIV/COUNT_8 to P_DIV/COUNT_0
                                Gate     Net
    Cell:in->out      fanout   Delay   Delay  Logical Name (Net Name)
    ----------------------------------------  ------------
     FDR:C->Q              2   0.514   0.532  P_DIV/COUNT_8 (P_DIV/COUNT_8)
     LUT4:I0->O            1   0.612   0.000  P_DIV/Clk_O_cmp_eq0000_wg_lut<0> (P_DIV/Clk_O_cmp_eq0000_wg_lut<0>)
     MUXCY:S->O            1   0.404   0.000  P_DIV/Clk_O_cmp_eq0000_wg_cy<0> (P_DIV/Clk_O_cmp_eq0000_wg_cy<0>)
     MUXCY:CI->O           1   0.052   0.000  P_DIV/Clk_O_cmp_eq0000_wg_cy<1> (P_DIV/Clk_O_cmp_eq0000_wg_cy<1>)
     MUXCY:CI->O           1   0.052   0.000  P_DIV/Clk_O_cmp_eq0000_wg_cy<2> (P_DIV/Clk_O_cmp_eq0000_wg_cy<2>)
     MUXCY:CI->O           1   0.052   0.000  P_DIV/Clk_O_cmp_eq0000_wg_cy<3> (P_DIV/Clk_O_cmp_eq0000_wg_cy<3>)
     MUXCY:CI->O           1   0.052   0.000  P_DIV/Clk_O_cmp_eq0000_wg_cy<4> (P_DIV/Clk_O_cmp_eq0000_wg_cy<4>)
     MUXCY:CI->O           1   0.052   0.000  P_DIV/Clk_O_cmp_eq0000_wg_cy<5> (P_DIV/Clk_O_cmp_eq0000_wg_cy<5>)
     MUXCY:CI->O           1   0.052   0.000  P_DIV/Clk_O_cmp_eq0000_wg_cy<6> (P_DIV/Clk_O_cmp_eq0000_wg_cy<6>)
     MUXCY:CI->O          33   0.289   1.073  P_DIV/Clk_O_cmp_eq0000_wg_cy<7> (P_DIV/Clk_O_cmp_eq0000)
     FDR:R                     0.795          P_DIV/COUNT_0
    ----------------------------------------
    Total                      4.528ns (2.923ns logic, 1.605ns route)
                                       (64.5% logic, 35.5% route)

=========================================================================
Timing constraint: Default period analysis for Clock 'P_DIV/Clk_O'
  Clock period: 4.045ns (frequency: 247.219MHz)
  Total number of paths / destination ports: 59 / 10
-------------------------------------------------------------------------
Delay:               4.045ns (Levels of Logic = 3)
  Source:            U_D_C4B/OUT_3 (FF)
  Destination:       U_D_C4B/UP_DOWN (FF)
  Source Clock:      P_DIV/Clk_O rising
  Destination Clock: P_DIV/Clk_O rising

  Data Path: U_D_C4B/OUT_3 to U_D_C4B/UP_DOWN
                                Gate     Net
    Cell:in->out      fanout   Delay   Delay  Logical Name (Net Name)
    ----------------------------------------  ------------
     FDRE:C->Q             4   0.514   0.651  U_D_C4B/OUT_3 (U_D_C4B/OUT_3)
     LUT4:I0->O            1   0.612   0.000  U_D_C4B/OUT_not0001_F (N5)
     MUXF5:I0->O           5   0.278   0.538  U_D_C4B/OUT_not0001 (U_D_C4B/OUT_not0001)
     INV:I->O              1   0.612   0.357  U_D_C4B/UP_DOWN_not00011_INV_0 (U_D_C4B/UP_DOWN_not0001)
     FDRE:CE                   0.483          U_D_C4B/UP_DOWN
    ----------------------------------------
    Total                      4.045ns (2.499ns logic, 1.546ns route)
                                       (61.8% logic, 38.2% route)

=========================================================================
Timing constraint: Default OFFSET IN BEFORE for Clock 'P_DIV/Clk_O'
  Total number of paths / destination ports: 5 / 5
-------------------------------------------------------------------------
Offset:              3.408ns (Levels of Logic = 2)
  Source:            RST (PAD)
  Destination:       U_D_C4B/OUT_3 (FF)
  Destination Clock: P_DIV/Clk_O rising

  Data Path: RST to U_D_C4B/OUT_3
                                Gate     Net
    Cell:in->out      fanout   Delay   Delay  Logical Name (Net Name)
    ----------------------------------------  ------------
     IBUF:I->O             1   1.106   0.357  RST_IBUF (RST_IBUF)
     INV:I->O              5   0.612   0.538  U_D_C4B/RST_inv1_INV_0 (U_D_C4B/RST_inv)
     FDRE:R                    0.795          U_D_C4B/UP_DOWN
    ----------------------------------------
    Total                      3.408ns (2.513ns logic, 0.895ns route)
                                       (73.7% logic, 26.3% route)

=========================================================================
Timing constraint: Default OFFSET OUT AFTER for Clock 'P_DIV/Clk_O'
  Total number of paths / destination ports: 4 / 4
-------------------------------------------------------------------------
Offset:              4.285ns (Levels of Logic = 1)
  Source:            U_D_C4B/OUT_0 (FF)
  Destination:       OUT<0> (PAD)
  Source Clock:      P_DIV/Clk_O rising

  Data Path: U_D_C4B/OUT_0 to OUT<0>
                                Gate     Net
    Cell:in->out      fanout   Delay   Delay  Logical Name (Net Name)
    ----------------------------------------  ------------
     FDRE:C->Q             7   0.514   0.602  U_D_C4B/OUT_0 (U_D_C4B/OUT_0)
     OBUF:I->O                 3.169          OUT_0_OBUF (OUT<0>)
    ----------------------------------------
    Total                      4.285ns (3.683ns logic, 0.602ns route)
                                       (86.0% logic, 14.0% route)

=========================================================================


Total REAL time to Xst completion: 2.00 secs
Total CPU time to Xst completion: 2.04 secs
 
--> 


Total memory usage is 607472 kilobytes

Number of errors   :    0 (   0 filtered)
Number of warnings :    1 (   0 filtered)
Number of infos    :    1 (   0 filtered)

