Release 14.7 - xst P.20131013 (lin64)
Copyright (c) 1995-2013 Xilinx, Inc.  All rights reserved.
--> 
Parameter TMPDIR set to xst/projnav.tmp


Total REAL time to Xst completion: 0.00 secs
Total CPU time to Xst completion: 0.02 secs
 
--> 
Parameter xsthdpdir set to xst


Total REAL time to Xst completion: 0.00 secs
Total CPU time to Xst completion: 0.02 secs
 
--> 
Reading design: main.prj

TABLE OF CONTENTS
  1) Synthesis Options Summary
  2) HDL Compilation
  3) Design Hierarchy Analysis
  4) HDL Analysis
  5) HDL Synthesis
     5.1) HDL Synthesis Report
  6) Advanced HDL Synthesis
     6.1) Advanced HDL Synthesis Report
  7) Low Level Synthesis
  8) Partition Report
  9) Final Report
	9.1) Device utilization summary
	9.2) Partition Resource Summary
	9.3) TIMING REPORT


=========================================================================
*                      Synthesis Options Summary                        *
=========================================================================
---- Source Parameters
Input File Name                    : "main.prj"
Input Format                       : mixed
Ignore Synthesis Constraint File   : NO

---- Target Parameters
Output File Name                   : "main"
Output Format                      : NGC
Target Device                      : xc3s500e-5-fg320

---- Source Options
Top Module Name                    : main
Automatic FSM Extraction           : YES
FSM Encoding Algorithm             : Auto
Safe Implementation                : No
FSM Style                          : LUT
RAM Extraction                     : Yes
RAM Style                          : Auto
ROM Extraction                     : Yes
Mux Style                          : Auto
Decoder Extraction                 : YES
Priority Encoder Extraction        : Yes
Shift Register Extraction          : YES
Logical Shifter Extraction         : YES
XOR Collapsing                     : YES
ROM Style                          : Auto
Mux Extraction                     : Yes
Resource Sharing                   : YES
Asynchronous To Synchronous        : NO
Multiplier Style                   : Auto
Automatic Register Balancing       : No

---- Target Options
Add IO Buffers                     : YES
Global Maximum Fanout              : 100000
Add Generic Clock Buffer(BUFG)     : 24
Register Duplication               : YES
Slice Packing                      : YES
Optimize Instantiated Primitives   : NO
Use Clock Enable                   : Yes
Use Synchronous Set                : Yes
Use Synchronous Reset              : Yes
Pack IO Registers into IOBs        : Auto
Equivalent register Removal        : YES

---- General Options
Optimization Goal                  : Speed
Optimization Effort                : 1
Keep Hierarchy                     : No
Netlist Hierarchy                  : As_Optimized
RTL Output                         : Yes
Global Optimization                : AllClockNets
Read Cores                         : YES
Write Timing Constraints           : NO
Cross Clock Analysis               : NO
Hierarchy Separator                : /
Bus Delimiter                      : <>
Case Specifier                     : Maintain
Slice Utilization Ratio            : 100
BRAM Utilization Ratio             : 100
Verilog 2001                       : YES
Auto BRAM Packing                  : NO
Slice Utilization Ratio Delta      : 5

=========================================================================


=========================================================================
*                          HDL Compilation                              *
=========================================================================
Compiling verilog file "UPDOWN_COUNTER.v" in library work
Compiling verilog file "sw1_2.v" in library work
Module <UPDOWN_COUNTER> compiled
Compiling verilog file "main.v" in library work
Module <sw1_2> compiled
Module <main> compiled
No errors in compilation
Analysis of file <"main.prj"> succeeded.
 

=========================================================================
*                     Design Hierarchy Analysis                         *
=========================================================================
Analyzing hierarchy for module <main> in library <work>.

Analyzing hierarchy for module <sw1_2> in library <work>.

Analyzing hierarchy for module <UPDOWN_COUNTER> in library <work>.


=========================================================================
*                            HDL Analysis                               *
=========================================================================
Analyzing top module <main>.
Module <main> is correct for synthesis.
 
Analyzing module <sw1_2> in library <work>.
Module <sw1_2> is correct for synthesis.
 
Analyzing module <UPDOWN_COUNTER> in library <work>.
Module <UPDOWN_COUNTER> is correct for synthesis.
 

=========================================================================
*                           HDL Synthesis                               *
=========================================================================

Performing bidirectional port resolution...

Synthesizing Unit <sw1_2>.
    Related source file is "sw1_2.v".
    Found 1-bit register for signal <Clk_O>.
    Found 32-bit register for signal <COUNT>.
    Found 32-bit 4-to-1 multiplexer for signal <COUNT$mux0000>.
    Found 32-bit adder for signal <COUNT$share0000>.
    Found 32-bit comparator greater for signal <old_COUNT_1$cmp_gt0000> created at line 41.
    Summary:
	inferred  33 D-type flip-flop(s).
	inferred   1 Adder/Subtractor(s).
	inferred   1 Comparator(s).
	inferred  32 Multiplexer(s).
Unit <sw1_2> synthesized.


Synthesizing Unit <UPDOWN_COUNTER>.
    Related source file is "UPDOWN_COUNTER.v".
    Found 8-bit updown counter for signal <Q>.
    Summary:
	inferred   1 Counter(s).
Unit <UPDOWN_COUNTER> synthesized.


Synthesizing Unit <main>.
    Related source file is "main.v".
WARNING:Xst:653 - Signal <GND> is used but never assigned. This sourceless signal will be automatically connected to value 0.
Unit <main> synthesized.

INFO:Xst:1767 - HDL ADVISOR - Resource sharing has identified that some arithmetic operations in this design can share the same physical resources for reduced device utilization. For improved clock frequency you may try to disable resource sharing.

=========================================================================
HDL Synthesis Report

Macro Statistics
# Adders/Subtractors                                   : 1
 32-bit adder                                          : 1
# Counters                                             : 1
 8-bit updown counter                                  : 1
# Registers                                            : 2
 1-bit register                                        : 1
 32-bit register                                       : 1
# Comparators                                          : 1
 32-bit comparator greater                             : 1
# Multiplexers                                         : 1
 32-bit 4-to-1 multiplexer                             : 1

=========================================================================

=========================================================================
*                       Advanced HDL Synthesis                          *
=========================================================================


=========================================================================
Advanced HDL Synthesis Report

Macro Statistics
# Adders/Subtractors                                   : 1
 32-bit adder                                          : 1
# Counters                                             : 1
 8-bit updown counter                                  : 1
# Registers                                            : 33
 Flip-Flops                                            : 33
# Comparators                                          : 1
 32-bit comparator greater                             : 1
# Multiplexers                                         : 1
 32-bit 4-to-1 multiplexer                             : 1

=========================================================================

=========================================================================
*                         Low Level Synthesis                           *
=========================================================================

Optimizing unit <main> ...

Optimizing unit <sw1_2> ...

Mapping all equations...
Building and optimizing final netlist ...
Found area constraint ratio of 100 (+ 5) on block main, actual ratio is 1.

Final Macro Processing ...

=========================================================================
Final Register Report

Macro Statistics
# Registers                                            : 41
 Flip-Flops                                            : 41

=========================================================================

=========================================================================
*                           Partition Report                            *
=========================================================================

Partition Implementation Status
-------------------------------

  No Partitions were found in this design.

-------------------------------

=========================================================================
*                            Final Report                               *
=========================================================================
Final Results
RTL Top Level Output File Name     : main.ngr
Top Level Output File Name         : main
Output Format                      : NGC
Optimization Goal                  : Speed
Keep Hierarchy                     : No

Design Statistics
# IOs                              : 12

Cell Usage :
# BELS                             : 181
#      GND                         : 1
#      INV                         : 6
#      LUT1                        : 4
#      LUT2                        : 8
#      LUT2_L                      : 1
#      LUT3                        : 44
#      LUT3_L                      : 1
#      LUT4                        : 20
#      LUT4_L                      : 2
#      MUXCY                       : 52
#      MUXF5                       : 1
#      VCC                         : 1
#      XORCY                       : 40
# FlipFlops/Latches                : 41
#      FDE                         : 1
#      FDR                         : 32
#      FDRE                        : 8
# Clock Buffers                    : 1
#      BUFGP                       : 1
# IO Buffers                       : 11
#      IBUF                        : 3
#      OBUF                        : 8
=========================================================================

Device utilization summary:
---------------------------

Selected Device : 3s500efg320-5 

 Number of Slices:                       44  out of   4656     0%  
 Number of Slice Flip Flops:             41  out of   9312     0%  
 Number of 4 input LUTs:                 86  out of   9312     0%  
 Number of IOs:                          12
 Number of bonded IOBs:                  12  out of    232     5%  
 Number of GCLKs:                         1  out of     24     4%  

---------------------------
Partition Resource Summary:
---------------------------

  No Partitions were found in this design.

---------------------------


=========================================================================
TIMING REPORT

NOTE: THESE TIMING NUMBERS ARE ONLY A SYNTHESIS ESTIMATE.
      FOR ACCURATE TIMING INFORMATION PLEASE REFER TO THE TRACE REPORT
      GENERATED AFTER PLACE-and-ROUTE.

Clock Information:
------------------
-----------------------------------+--------------------------------+-------+
Clock Signal                       | Clock buffer(FF name)          | Load  |
-----------------------------------+--------------------------------+-------+
fd/Clk_O                           | NONE(counterup_counterdown/Q_0)| 8     |
CLK50MHz                           | BUFGP                          | 33    |
-----------------------------------+--------------------------------+-------+
INFO:Xst:2169 - HDL ADVISOR - Some clock signals were not automatically buffered by XST with BUFG/BUFR resources. Please use the buffer_type constraint in order to insert these buffers to the clock signals to help prevent skew problems.

Asynchronous Control Signals Information:
----------------------------------------
No asynchronous control signals found in this design

Timing Summary:
---------------
Speed Grade: -5

   Minimum period: 7.782ns (Maximum Frequency: 128.502MHz)
   Minimum input arrival time before clock: 6.797ns
   Maximum output required time after clock: 4.182ns
   Maximum combinational path delay: No path found

Timing Detail:
--------------
All values displayed in nanoseconds (ns)

=========================================================================
Timing constraint: Default period analysis for Clock 'fd/Clk_O'
  Clock period: 4.968ns (frequency: 201.272MHz)
  Total number of paths / destination ports: 192 / 16
-------------------------------------------------------------------------
Delay:               4.968ns (Levels of Logic = 3)
  Source:            counterup_counterdown/Q_6 (FF)
  Destination:       counterup_counterdown/Q_0 (FF)
  Source Clock:      fd/Clk_O rising
  Destination Clock: fd/Clk_O rising

  Data Path: counterup_counterdown/Q_6 to counterup_counterdown/Q_0
                                Gate     Net
    Cell:in->out      fanout   Delay   Delay  Logical Name (Net Name)
    ----------------------------------------  ------------
     FDRE:C->Q             4   0.514   0.651  counterup_counterdown/Q_6 (counterup_counterdown/Q_6)
     LUT2_L:I0->LO         1   0.612   0.103  counterup_counterdown/Q_or000019 (counterup_counterdown/Q_or000019)
     LUT4:I3->O            1   0.612   0.426  counterup_counterdown/Q_or000023 (counterup_counterdown/Q_or000023)
     LUT3:I1->O            8   0.612   0.643  counterup_counterdown/Q_or000039 (counterup_counterdown/Q_or0000)
     FDRE:R                    0.795          counterup_counterdown/Q_0
    ----------------------------------------
    Total                      4.968ns (3.145ns logic, 1.823ns route)
                                       (63.3% logic, 36.7% route)

=========================================================================
Timing constraint: Default period analysis for Clock 'CLK50MHz'
  Clock period: 7.782ns (frequency: 128.502MHz)
  Total number of paths / destination ports: 19867 / 66
-------------------------------------------------------------------------
Delay:               7.782ns (Levels of Logic = 48)
  Source:            fd/COUNT_0 (FF)
  Destination:       fd/COUNT_31 (FF)
  Source Clock:      CLK50MHz rising
  Destination Clock: CLK50MHz rising

  Data Path: fd/COUNT_0 to fd/COUNT_31
                                Gate     Net
    Cell:in->out      fanout   Delay   Delay  Logical Name (Net Name)
    ----------------------------------------  ------------
     FDR:C->Q              3   0.514   0.603  fd/COUNT_0 (fd/COUNT_0)
     LUT4:I0->O            1   0.612   0.000  fd/Mcompar_old_COUNT_1_cmp_gt0000_lut<0> (fd/Mcompar_old_COUNT_1_cmp_gt0000_lut<0>)
     MUXCY:S->O            1   0.404   0.000  fd/Mcompar_old_COUNT_1_cmp_gt0000_cy<0> (fd/Mcompar_old_COUNT_1_cmp_gt0000_cy<0>)
     MUXCY:CI->O           1   0.051   0.000  fd/Mcompar_old_COUNT_1_cmp_gt0000_cy<1> (fd/Mcompar_old_COUNT_1_cmp_gt0000_cy<1>)
     MUXCY:CI->O           1   0.051   0.000  fd/Mcompar_old_COUNT_1_cmp_gt0000_cy<2> (fd/Mcompar_old_COUNT_1_cmp_gt0000_cy<2>)
     MUXCY:CI->O           1   0.051   0.000  fd/Mcompar_old_COUNT_1_cmp_gt0000_cy<3> (fd/Mcompar_old_COUNT_1_cmp_gt0000_cy<3>)
     MUXCY:CI->O           1   0.051   0.000  fd/Mcompar_old_COUNT_1_cmp_gt0000_cy<4> (fd/Mcompar_old_COUNT_1_cmp_gt0000_cy<4>)
     MUXCY:CI->O           1   0.051   0.000  fd/Mcompar_old_COUNT_1_cmp_gt0000_cy<5> (fd/Mcompar_old_COUNT_1_cmp_gt0000_cy<5>)
     MUXCY:CI->O           1   0.051   0.000  fd/Mcompar_old_COUNT_1_cmp_gt0000_cy<6> (fd/Mcompar_old_COUNT_1_cmp_gt0000_cy<6>)
     MUXCY:CI->O           1   0.051   0.000  fd/Mcompar_old_COUNT_1_cmp_gt0000_cy<7> (fd/Mcompar_old_COUNT_1_cmp_gt0000_cy<7>)
     MUXCY:CI->O           1   0.051   0.000  fd/Mcompar_old_COUNT_1_cmp_gt0000_cy<8> (fd/Mcompar_old_COUNT_1_cmp_gt0000_cy<8>)
     MUXCY:CI->O           1   0.051   0.000  fd/Mcompar_old_COUNT_1_cmp_gt0000_cy<9> (fd/Mcompar_old_COUNT_1_cmp_gt0000_cy<9>)
     MUXCY:CI->O           1   0.051   0.000  fd/Mcompar_old_COUNT_1_cmp_gt0000_cy<10> (fd/Mcompar_old_COUNT_1_cmp_gt0000_cy<10>)
     MUXCY:CI->O           1   0.051   0.000  fd/Mcompar_old_COUNT_1_cmp_gt0000_cy<11> (fd/Mcompar_old_COUNT_1_cmp_gt0000_cy<11>)
     MUXCY:CI->O           1   0.051   0.000  fd/Mcompar_old_COUNT_1_cmp_gt0000_cy<12> (fd/Mcompar_old_COUNT_1_cmp_gt0000_cy<12>)
     MUXCY:CI->O          33   0.399   1.103  fd/Mcompar_old_COUNT_1_cmp_gt0000_cy<13> (fd/Mcompar_old_COUNT_1_cmp_gt0000_cy<13>)
     LUT3:I2->O            1   0.612   0.000  fd/Madd_COUNT_share0000_lut<0> (fd/Madd_COUNT_share0000_lut<0>)
     MUXCY:S->O            1   0.404   0.000  fd/Madd_COUNT_share0000_cy<0> (fd/Madd_COUNT_share0000_cy<0>)
     MUXCY:CI->O           1   0.052   0.000  fd/Madd_COUNT_share0000_cy<1> (fd/Madd_COUNT_share0000_cy<1>)
     MUXCY:CI->O           1   0.052   0.000  fd/Madd_COUNT_share0000_cy<2> (fd/Madd_COUNT_share0000_cy<2>)
     MUXCY:CI->O           1   0.052   0.000  fd/Madd_COUNT_share0000_cy<3> (fd/Madd_COUNT_share0000_cy<3>)
     MUXCY:CI->O           1   0.052   0.000  fd/Madd_COUNT_share0000_cy<4> (fd/Madd_COUNT_share0000_cy<4>)
     MUXCY:CI->O           1   0.052   0.000  fd/Madd_COUNT_share0000_cy<5> (fd/Madd_COUNT_share0000_cy<5>)
     MUXCY:CI->O           1   0.052   0.000  fd/Madd_COUNT_share0000_cy<6> (fd/Madd_COUNT_share0000_cy<6>)
     MUXCY:CI->O           1   0.052   0.000  fd/Madd_COUNT_share0000_cy<7> (fd/Madd_COUNT_share0000_cy<7>)
     MUXCY:CI->O           1   0.052   0.000  fd/Madd_COUNT_share0000_cy<8> (fd/Madd_COUNT_share0000_cy<8>)
     MUXCY:CI->O           1   0.052   0.000  fd/Madd_COUNT_share0000_cy<9> (fd/Madd_COUNT_share0000_cy<9>)
     MUXCY:CI->O           1   0.052   0.000  fd/Madd_COUNT_share0000_cy<10> (fd/Madd_COUNT_share0000_cy<10>)
     MUXCY:CI->O           1   0.051   0.000  fd/Madd_COUNT_share0000_cy<11> (fd/Madd_COUNT_share0000_cy<11>)
     MUXCY:CI->O           1   0.051   0.000  fd/Madd_COUNT_share0000_cy<12> (fd/Madd_COUNT_share0000_cy<12>)
     MUXCY:CI->O           1   0.051   0.000  fd/Madd_COUNT_share0000_cy<13> (fd/Madd_COUNT_share0000_cy<13>)
     MUXCY:CI->O           1   0.051   0.000  fd/Madd_COUNT_share0000_cy<14> (fd/Madd_COUNT_share0000_cy<14>)
     MUXCY:CI->O           1   0.051   0.000  fd/Madd_COUNT_share0000_cy<15> (fd/Madd_COUNT_share0000_cy<15>)
     MUXCY:CI->O           1   0.051   0.000  fd/Madd_COUNT_share0000_cy<16> (fd/Madd_COUNT_share0000_cy<16>)
     MUXCY:CI->O           1   0.051   0.000  fd/Madd_COUNT_share0000_cy<17> (fd/Madd_COUNT_share0000_cy<17>)
     MUXCY:CI->O           1   0.051   0.000  fd/Madd_COUNT_share0000_cy<18> (fd/Madd_COUNT_share0000_cy<18>)
     MUXCY:CI->O           1   0.051   0.000  fd/Madd_COUNT_share0000_cy<19> (fd/Madd_COUNT_share0000_cy<19>)
     MUXCY:CI->O           1   0.051   0.000  fd/Madd_COUNT_share0000_cy<20> (fd/Madd_COUNT_share0000_cy<20>)
     MUXCY:CI->O           1   0.051   0.000  fd/Madd_COUNT_share0000_cy<21> (fd/Madd_COUNT_share0000_cy<21>)
     MUXCY:CI->O           1   0.051   0.000  fd/Madd_COUNT_share0000_cy<22> (fd/Madd_COUNT_share0000_cy<22>)
     MUXCY:CI->O           1   0.051   0.000  fd/Madd_COUNT_share0000_cy<23> (fd/Madd_COUNT_share0000_cy<23>)
     MUXCY:CI->O           1   0.051   0.000  fd/Madd_COUNT_share0000_cy<24> (fd/Madd_COUNT_share0000_cy<24>)
     MUXCY:CI->O           1   0.051   0.000  fd/Madd_COUNT_share0000_cy<25> (fd/Madd_COUNT_share0000_cy<25>)
     MUXCY:CI->O           1   0.051   0.000  fd/Madd_COUNT_share0000_cy<26> (fd/Madd_COUNT_share0000_cy<26>)
     MUXCY:CI->O           1   0.051   0.000  fd/Madd_COUNT_share0000_cy<27> (fd/Madd_COUNT_share0000_cy<27>)
     MUXCY:CI->O           1   0.051   0.000  fd/Madd_COUNT_share0000_cy<28> (fd/Madd_COUNT_share0000_cy<28>)
     MUXCY:CI->O           1   0.051   0.000  fd/Madd_COUNT_share0000_cy<29> (fd/Madd_COUNT_share0000_cy<29>)
     MUXCY:CI->O           0   0.051   0.000  fd/Madd_COUNT_share0000_cy<30> (fd/Madd_COUNT_share0000_cy<30>)
     XORCY:CI->O           1   0.699   0.000  fd/Madd_COUNT_share0000_xor<31> (fd/COUNT_share0000<31>)
     FDR:D                     0.268          fd/COUNT_31
    ----------------------------------------
    Total                      7.782ns (6.075ns logic, 1.706ns route)
                                       (78.1% logic, 21.9% route)

=========================================================================
Timing constraint: Default OFFSET IN BEFORE for Clock 'fd/Clk_O'
  Total number of paths / destination ports: 68 / 16
-------------------------------------------------------------------------
Offset:              5.298ns (Levels of Logic = 11)
  Source:            S0 (PAD)
  Destination:       counterup_counterdown/Q_7 (FF)
  Destination Clock: fd/Clk_O rising

  Data Path: S0 to counterup_counterdown/Q_7
                                Gate     Net
    Cell:in->out      fanout   Delay   Delay  Logical Name (Net Name)
    ----------------------------------------  ------------
     IBUF:I->O            11   1.106   0.862  S0_IBUF (S0_IBUF)
     LUT2:I1->O            1   0.612   0.000  counterup_counterdown/Mcount_Q_lut<0> (counterup_counterdown/Mcount_Q_lut<0>)
     MUXCY:S->O            1   0.404   0.000  counterup_counterdown/Mcount_Q_cy<0> (counterup_counterdown/Mcount_Q_cy<0>)
     MUXCY:CI->O           1   0.052   0.000  counterup_counterdown/Mcount_Q_cy<1> (counterup_counterdown/Mcount_Q_cy<1>)
     MUXCY:CI->O           1   0.052   0.000  counterup_counterdown/Mcount_Q_cy<2> (counterup_counterdown/Mcount_Q_cy<2>)
     MUXCY:CI->O           1   0.052   0.000  counterup_counterdown/Mcount_Q_cy<3> (counterup_counterdown/Mcount_Q_cy<3>)
     MUXCY:CI->O           1   0.052   0.000  counterup_counterdown/Mcount_Q_cy<4> (counterup_counterdown/Mcount_Q_cy<4>)
     MUXCY:CI->O           1   0.052   0.000  counterup_counterdown/Mcount_Q_cy<5> (counterup_counterdown/Mcount_Q_cy<5>)
     MUXCY:CI->O           0   0.052   0.000  counterup_counterdown/Mcount_Q_cy<6> (counterup_counterdown/Mcount_Q_cy<6>)
     XORCY:CI->O           1   0.699   0.426  counterup_counterdown/Mcount_Q_xor<7> (Result<7>)
     LUT3:I1->O            1   0.612   0.000  counterup_counterdown/Mcount_Q_eqn_71 (counterup_counterdown/Mcount_Q_eqn_7)
     FDRE:D                    0.268          counterup_counterdown/Q_7
    ----------------------------------------
    Total                      5.298ns (4.010ns logic, 1.288ns route)
                                       (75.7% logic, 24.3% route)

=========================================================================
Timing constraint: Default OFFSET IN BEFORE for Clock 'CLK50MHz'
  Total number of paths / destination ports: 594 / 65
-------------------------------------------------------------------------
Offset:              6.797ns (Levels of Logic = 4)
  Source:            S1 (PAD)
  Destination:       fd/COUNT_31 (FF)
  Destination Clock: CLK50MHz rising

  Data Path: S1 to fd/COUNT_31
                                Gate     Net
    Cell:in->out      fanout   Delay   Delay  Logical Name (Net Name)
    ----------------------------------------  ------------
     IBUF:I->O            34   1.106   1.225  S1_IBUF (S1_IBUF)
     LUT3_L:I0->LO         1   0.612   0.252  fd/COUNT_mux000261 (fd/COUNT_mux000261)
     LUT3:I0->O            1   0.612   0.509  fd/COUNT_mux000294 (fd/COUNT_mux000294)
     LUT4:I0->O           33   0.612   1.073  fd/COUNT_mux0002253 (fd/COUNT_mux0002)
     FDR:R                     0.795          fd/COUNT_31
    ----------------------------------------
    Total                      6.797ns (3.737ns logic, 3.060ns route)
                                       (55.0% logic, 45.0% route)

=========================================================================
Timing constraint: Default OFFSET OUT AFTER for Clock 'fd/Clk_O'
  Total number of paths / destination ports: 8 / 8
-------------------------------------------------------------------------
Offset:              4.182ns (Levels of Logic = 1)
  Source:            counterup_counterdown/Q_7 (FF)
  Destination:       Q<7> (PAD)
  Source Clock:      fd/Clk_O rising

  Data Path: counterup_counterdown/Q_7 to Q<7>
                                Gate     Net
    Cell:in->out      fanout   Delay   Delay  Logical Name (Net Name)
    ----------------------------------------  ------------
     FDRE:C->Q             4   0.514   0.499  counterup_counterdown/Q_7 (counterup_counterdown/Q_7)
     OBUF:I->O                 3.169          Q_7_OBUF (Q<7>)
    ----------------------------------------
    Total                      4.182ns (3.683ns logic, 0.499ns route)
                                       (88.1% logic, 11.9% route)

=========================================================================


Total REAL time to Xst completion: 2.00 secs
Total CPU time to Xst completion: 2.04 secs
 
--> 


Total memory usage is 608772 kilobytes

Number of errors   :    0 (   0 filtered)
Number of warnings :    1 (   0 filtered)
Number of infos    :    2 (   0 filtered)

