Running: /opt/Xilinx/14.7/ISE_DS/ISE/bin/lin64/unwrapped/fuse -intstyle ise -incremental -lib unisims_ver -lib unimacro_ver -lib xilinxcorelib_ver -o /home/ise/upcounter4bit_rslow/testbench_isim_beh.exe -prj /home/ise/upcounter4bit_rslow/testbench_beh.prj work.testbench work.glbl 
ISim P.20131013 (signature 0xfbc00daa)
Number of CPUs detected in this system: 1
Turning on mult-threading, number of parallel sub-compilation jobs: 0 
Determining compilation order of HDL files
Analyzing Verilog file "/home/ise/upcounter4bit_rslow/DEMLEN4BIT.v" into library work
Analyzing Verilog file "/home/ise/upcounter4bit_rslow/testbench.v" into library work
Analyzing Verilog file "/opt/Xilinx/14.7/ISE_DS/ISE//verilog/src/glbl.v" into library work
Starting static elaboration
WARNING:HDLCompiler:189 - "/home/ise/upcounter4bit_rslow/DEMLEN4BIT.v" Line 29: Size mismatch in connection of port <Mode>. Formal port size is 1-bit while actual signal size is 32-bit.
Completed static elaboration
Fuse Memory Usage: 94936 KB
Fuse CPU Usage: 1130 ms
Compiling module sw1_2
Compiling module UPCOUNTER_4BIT
Compiling module DEMLEN4BIT
Compiling module testbench
Compiling module glbl
Time Resolution for simulation is 1ps.
Compiled 5 Verilog Units
Built simulation executable /home/ise/upcounter4bit_rslow/testbench_isim_beh.exe
Fuse Memory Usage: 98048 KB
Fuse CPU Usage: 1130 ms
GCC CPU Usage: 120 ms
